         *****         Proben-ID:                          *****

                 Live time:        41
                 Real Time:        83
     0.00000
     2.00000
     0.00000
     0.00000
     0.00000
     0.00000
    1 \        2.00 \           0 
    2 \        4.00 \           0 
    3 \        6.00 \           0 
    4 \        8.00 \           0 
    5 \       10.00 \           0 
    6 \       12.00 \         828 
    7 \       14.00 \       10612 
    8 \       16.00 \         141 
    9 \       18.00 \          64 
   10 \       20.00 \          61 
   11 \       22.00 \         368 
   12 \       24.00 \        2958 
   13 \       26.00 \        3465 
   14 \       28.00 \        3237 
   15 \       30.00 \        3118 
   16 \       32.00 \        2968 
   17 \       34.00 \        2970 
   18 \       36.00 \        2880 
   19 \       38.00 \        2896 
   20 \       40.00 \        2809 
   21 \       42.00 \        2684 
   22 \       44.00 \        2623 
   23 \       46.00 \        2603 
   24 \       48.00 \        2571 
   25 \       50.00 \        2486 
   26 \       52.00 \        2503 
   27 \       54.00 \        2516 
   28 \       56.00 \        2421 
   29 \       58.00 \        2403 
   30 \       60.00 \        2443 
   31 \       62.00 \        2326 
   32 \       64.00 \        2342 
   33 \       66.00 \        2373 
   34 \       68.00 \        2334 
   35 \       70.00 \        2364 
   36 \       72.00 \        2242 
   37 \       74.00 \        2150 
   38 \       76.00 \        2168 
   39 \       78.00 \        2180 
   40 \       80.00 \        2226 
   41 \       82.00 \        2268 
   42 \       84.00 \        2089 
   43 \       86.00 \        2130 
   44 \       88.00 \        2172 
   45 \       90.00 \        2139 
   46 \       92.00 \        2209 
   47 \       94.00 \        2196 
   48 \       96.00 \        2131 
   49 \       98.00 \        2112 
   50 \      100.00 \        2091 
   51 \      102.00 \        2148 
   52 \      104.00 \        2183 
   53 \      106.00 \        2035 
   54 \      108.00 \        2183 
   55 \      110.00 \        2099 
   56 \      112.00 \        2129 
   57 \      114.00 \        2064 
   58 \      116.00 \        2198 
   59 \      118.00 \        2174 
   60 \      120.00 \        2166 
   61 \      122.00 \        2164 
   62 \      124.00 \        2184 
   63 \      126.00 \        2294 
   64 \      128.00 \        2201 
   65 \      130.00 \        2230 
   66 \      132.00 \        2291 
   67 \      134.00 \        2357 
   68 \      136.00 \        2398 
   69 \      138.00 \        2333 
   70 \      140.00 \        2339 
   71 \      142.00 \        2457 
   72 \      144.00 \        2468 
   73 \      146.00 \        2423 
   74 \      148.00 \        2450 
   75 \      150.00 \        2547 
   76 \      152.00 \        2489 
   77 \      154.00 \        2598 
   78 \      156.00 \        2642 
   79 \      158.00 \        2686 
   80 \      160.00 \        2641 
   81 \      162.00 \        2706 
   82 \      164.00 \        2794 
   83 \      166.00 \        2745 
   84 \      168.00 \        2841 
   85 \      170.00 \        2762 
   86 \      172.00 \        2803 
   87 \      174.00 \        2742 
   88 \      176.00 \        2779 
   89 \      178.00 \        2895 
   90 \      180.00 \        2896 
   91 \      182.00 \        2891 
   92 \      184.00 \        2886 
   93 \      186.00 \        2923 
   94 \      188.00 \        2872 
   95 \      190.00 \        2895 
   96 \      192.00 \        2887 
   97 \      194.00 \        2917 
   98 \      196.00 \        2902 
   99 \      198.00 \        2946 
  100 \      200.00 \        2877 
  101 \      202.00 \        2901 
  102 \      204.00 \        2889 
  103 \      206.00 \        2871 
  104 \      208.00 \        2763 
  105 \      210.00 \        2870 
  106 \      212.00 \        2685 
  107 \      214.00 \        2826 
  108 \      216.00 \        2835 
  109 \      218.00 \        2719 
  110 \      220.00 \        2815 
  111 \      222.00 \        2758 
  112 \      224.00 \        2735 
  113 \      226.00 \        2594 
  114 \      228.00 \        2750 
  115 \      230.00 \        2785 
  116 \      232.00 \        2714 
  117 \      234.00 \        2693 
  118 \      236.00 \        2715 
  119 \      238.00 \        2664 
  120 \      240.00 \        2652 
  121 \      242.00 \        2641 
  122 \      244.00 \        2574 
  123 \      246.00 \        2602 
  124 \      248.00 \        2629 
  125 \      250.00 \        2496 
  126 \      252.00 \        2572 
  127 \      254.00 \        2558 
  128 \      256.00 \        2663 
  129 \      258.00 \        2568 
  130 \      260.00 \        2460 
  131 \      262.00 \        2468 
  132 \      264.00 \        2510 
  133 \      266.00 \        2528 
  134 \      268.00 \        2520 
  135 \      270.00 \        2512 
  136 \      272.00 \        2506 
  137 \      274.00 \        2565 
  138 \      276.00 \        2465 
  139 \      278.00 \        2485 
  140 \      280.00 \        2463 
  141 \      282.00 \        2365 
  142 \      284.00 \        2459 
  143 \      286.00 \        2551 
  144 \      288.00 \        2459 
  145 \      290.00 \        2565 
  146 \      292.00 \        2529 
  147 \      294.00 \        2535 
  148 \      296.00 \        2588 
  149 \      298.00 \        2487 
  150 \      300.00 \        2516 
  151 \      302.00 \        2524 
  152 \      304.00 \        2414 
  153 \      306.00 \        2429 
  154 \      308.00 \        2369 
  155 \      310.00 \        2441 
  156 \      312.00 \        2307 
  157 \      314.00 \        2334 
  158 \      316.00 \        2271 
  159 \      318.00 \        2248 
  160 \      320.00 \        2167 
  161 \      322.00 \        2200 
  162 \      324.00 \        2097 
  163 \      326.00 \        2056 
  164 \      328.00 \        2036 
  165 \      330.00 \        2128 
  166 \      332.00 \        2078 
  167 \      334.00 \        2023 
  168 \      336.00 \        2019 
  169 \      338.00 \        2058 
  170 \      340.00 \        2000 
  171 \      342.00 \        1975 
  172 \      344.00 \        1962 
  173 \      346.00 \        1895 
  174 \      348.00 \        1971 
  175 \      350.00 \        1823 
  176 \      352.00 \        1917 
  177 \      354.00 \        1877 
  178 \      356.00 \        1875 
  179 \      358.00 \        1813 
  180 \      360.00 \        1788 
  181 \      362.00 \        1858 
  182 \      364.00 \        1787 
  183 \      366.00 \        1828 
  184 \      368.00 \        1829 
  185 \      370.00 \        1776 
  186 \      372.00 \        1767 
  187 \      374.00 \        1708 
  188 \      376.00 \        1772 
  189 \      378.00 \        1663 
  190 \      380.00 \        1641 
  191 \      382.00 \        1641 
  192 \      384.00 \        1713 
  193 \      386.00 \        1645 
  194 \      388.00 \        1641 
  195 \      390.00 \        1693 
  196 \      392.00 \        1581 
  197 \      394.00 \        1635 
  198 \      396.00 \        1615 
  199 \      398.00 \        1641 
  200 \      400.00 \        1560 
  201 \      402.00 \        1625 
  202 \      404.00 \        1582 
  203 \      406.00 \        1576 
  204 \      408.00 \        1644 
  205 \      410.00 \        1551 
  206 \      412.00 \        1563 
  207 \      414.00 \        1506 
  208 \      416.00 \        1536 
  209 \      418.00 \        1562 
  210 \      420.00 \        1545 
  211 \      422.00 \        1497 
  212 \      424.00 \        1500 
  213 \      426.00 \        1475 
  214 \      428.00 \        1514 
  215 \      430.00 \        1460 
  216 \      432.00 \        1437 
  217 \      434.00 \        1396 
  218 \      436.00 \        1471 
  219 \      438.00 \        1429 
  220 \      440.00 \        1455 
  221 \      442.00 \        1459 
  222 \      444.00 \        1435 
  223 \      446.00 \        1422 
  224 \      448.00 \        1373 
  225 \      450.00 \        1437 
  226 \      452.00 \        1403 
  227 \      454.00 \        1436 
  228 \      456.00 \        1452 
  229 \      458.00 \        1406 
  230 \      460.00 \        1303 
  231 \      462.00 \        1351 
  232 \      464.00 \        1399 
  233 \      466.00 \        1307 
  234 \      468.00 \        1322 
  235 \      470.00 \        1275 
  236 \      472.00 \        1388 
  237 \      474.00 \        1281 
  238 \      476.00 \        1339 
  239 \      478.00 \        1299 
  240 \      480.00 \        1322 
  241 \      482.00 \        1282 
  242 \      484.00 \        1304 
  243 \      486.00 \        1260 
  244 \      488.00 \        1281 
  245 \      490.00 \        1307 
  246 \      492.00 \        1298 
  247 \      494.00 \        1245 
  248 \      496.00 \        1249 
  249 \      498.00 \        1269 
  250 \      500.00 \        1251 
  251 \      502.00 \        1259 
  252 \      504.00 \        1221 
  253 \      506.00 \        1257 
  254 \      508.00 \        1184 
  255 \      510.00 \        1205 
  256 \      512.00 \        1240 
  257 \      514.00 \        1225 
  258 \      516.00 \        1195 
  259 \      518.00 \        1233 
  260 \      520.00 \        1254 
  261 \      522.00 \        1155 
  262 \      524.00 \        1178 
  263 \      526.00 \        1227 
  264 \      528.00 \        1196 
  265 \      530.00 \        1165 
  266 \      532.00 \        1147 
  267 \      534.00 \        1195 
  268 \      536.00 \        1177 
  269 \      538.00 \        1190 
  270 \      540.00 \        1187 
  271 \      542.00 \        1143 
  272 \      544.00 \        1161 
  273 \      546.00 \        1112 
  274 \      548.00 \        1190 
  275 \      550.00 \        1222 
  276 \      552.00 \        1182 
  277 \      554.00 \        1131 
  278 \      556.00 \        1129 
  279 \      558.00 \        1169 
  280 \      560.00 \        1024 
  281 \      562.00 \        1126 
  282 \      564.00 \        1124 
  283 \      566.00 \        1102 
  284 \      568.00 \        1111 
  285 \      570.00 \        1107 
  286 \      572.00 \        1131 
  287 \      574.00 \        1125 
  288 \      576.00 \        1151 
  289 \      578.00 \        1134 
  290 \      580.00 \        1109 
  291 \      582.00 \        1123 
  292 \      584.00 \        1097 
  293 \      586.00 \        1107 
  294 \      588.00 \        1087 
  295 \      590.00 \        1111 
  296 \      592.00 \        1132 
  297 \      594.00 \        1082 
  298 \      596.00 \        1076 
  299 \      598.00 \        1148 
  300 \      600.00 \        1116 
  301 \      602.00 \        1072 
  302 \      604.00 \        1058 
  303 \      606.00 \        1134 
  304 \      608.00 \        1081 
  305 \      610.00 \        1062 
  306 \      612.00 \        1106 
  307 \      614.00 \        1078 
  308 \      616.00 \        1013 
  309 \      618.00 \        1070 
  310 \      620.00 \         995 
  311 \      622.00 \        1074 
  312 \      624.00 \        1024 
  313 \      626.00 \         971 
  314 \      628.00 \        1078 
  315 \      630.00 \        1070 
  316 \      632.00 \        1026 
  317 \      634.00 \        1069 
  318 \      636.00 \        1014 
  319 \      638.00 \        1005 
  320 \      640.00 \        1015 
  321 \      642.00 \        1053 
  322 \      644.00 \        1022 
  323 \      646.00 \         987 
  324 \      648.00 \         994 
  325 \      650.00 \        1035 
  326 \      652.00 \        1013 
  327 \      654.00 \        1024 
  328 \      656.00 \        1024 
  329 \      658.00 \        1007 
  330 \      660.00 \        1049 
  331 \      662.00 \         974 
  332 \      664.00 \         989 
  333 \      666.00 \        1020 
  334 \      668.00 \         975 
  335 \      670.00 \         977 
  336 \      672.00 \        1052 
  337 \      674.00 \         999 
  338 \      676.00 \         984 
  339 \      678.00 \         989 
  340 \      680.00 \         991 
  341 \      682.00 \         992 
  342 \      684.00 \         998 
  343 \      686.00 \        1006 
  344 \      688.00 \        1024 
  345 \      690.00 \        1056 
  346 \      692.00 \        1022 
  347 \      694.00 \         998 
  348 \      696.00 \         946 
  349 \      698.00 \         964 
  350 \      700.00 \         922 
  351 \      702.00 \         918 
  352 \      704.00 \         976 
  353 \      706.00 \        1015 
  354 \      708.00 \         944 
  355 \      710.00 \         949 
  356 \      712.00 \         974 
  357 \      714.00 \         941 
  358 \      716.00 \         997 
  359 \      718.00 \         976 
  360 \      720.00 \        1003 
  361 \      722.00 \         973 
  362 \      724.00 \         961 
  363 \      726.00 \         943 
  364 \      728.00 \         962 
  365 \      730.00 \         941 
  366 \      732.00 \         986 
  367 \      734.00 \         947 
  368 \      736.00 \         934 
  369 \      738.00 \         974 
  370 \      740.00 \         987 
  371 \      742.00 \         967 
  372 \      744.00 \         975 
  373 \      746.00 \         936 
  374 \      748.00 \         986 
  375 \      750.00 \         954 
  376 \      752.00 \         999 
  377 \      754.00 \         912 
  378 \      756.00 \         930 
  379 \      758.00 \         943 
  380 \      760.00 \         903 
  381 \      762.00 \         917 
  382 \      764.00 \         895 
  383 \      766.00 \        1021 
  384 \      768.00 \         888 
  385 \      770.00 \         983 
  386 \      772.00 \         946 
  387 \      774.00 \         926 
  388 \      776.00 \         976 
  389 \      778.00 \         890 
  390 \      780.00 \         939 
  391 \      782.00 \         902 
  392 \      784.00 \         910 
  393 \      786.00 \         866 
  394 \      788.00 \         955 
  395 \      790.00 \         898 
  396 \      792.00 \         878 
  397 \      794.00 \         916 
  398 \      796.00 \         899 
  399 \      798.00 \         973 
  400 \      800.00 \         898 
  401 \      802.00 \         930 
  402 \      804.00 \         916 
  403 \      806.00 \         933 
  404 \      808.00 \         923 
  405 \      810.00 \         877 
  406 \      812.00 \         865 
  407 \      814.00 \         868 
  408 \      816.00 \         883 
  409 \      818.00 \         903 
  410 \      820.00 \         869 
  411 \      822.00 \         941 
  412 \      824.00 \         887 
  413 \      826.00 \         984 
  414 \      828.00 \         901 
  415 \      830.00 \         881 
  416 \      832.00 \         903 
  417 \      834.00 \         937 
  418 \      836.00 \         865 
  419 \      838.00 \         896 
  420 \      840.00 \         897 
  421 \      842.00 \         850 
  422 \      844.00 \         874 
  423 \      846.00 \         882 
  424 \      848.00 \         908 
  425 \      850.00 \         902 
  426 \      852.00 \         874 
  427 \      854.00 \         894 
  428 \      856.00 \         856 
  429 \      858.00 \         921 
  430 \      860.00 \         899 
  431 \      862.00 \         921 
  432 \      864.00 \         899 
  433 \      866.00 \         878 
  434 \      868.00 \         900 
  435 \      870.00 \         901 
  436 \      872.00 \         848 
  437 \      874.00 \         927 
  438 \      876.00 \         928 
  439 \      878.00 \         889 
  440 \      880.00 \         892 
  441 \      882.00 \         906 
  442 \      884.00 \         893 
  443 \      886.00 \         871 
  444 \      888.00 \         882 
  445 \      890.00 \         892 
  446 \      892.00 \         901 
  447 \      894.00 \         867 
  448 \      896.00 \         880 
  449 \      898.00 \         895 
  450 \      900.00 \         911 
  451 \      902.00 \         807 
  452 \      904.00 \         857 
  453 \      906.00 \         857 
  454 \      908.00 \         862 
  455 \      910.00 \         841 
  456 \      912.00 \         857 
  457 \      914.00 \         848 
  458 \      916.00 \         868 
  459 \      918.00 \         878 
  460 \      920.00 \         864 
  461 \      922.00 \         852 
  462 \      924.00 \         813 
  463 \      926.00 \         859 
  464 \      928.00 \         832 
  465 \      930.00 \         900 
  466 \      932.00 \         862 
  467 \      934.00 \         885 
  468 \      936.00 \         815 
  469 \      938.00 \         878 
  470 \      940.00 \         913 
  471 \      942.00 \         857 
  472 \      944.00 \         843 
  473 \      946.00 \         859 
  474 \      948.00 \         907 
  475 \      950.00 \         815 
  476 \      952.00 \         895 
  477 \      954.00 \         859 
  478 \      956.00 \         876 
  479 \      958.00 \         866 
  480 \      960.00 \         879 
  481 \      962.00 \         899 
  482 \      964.00 \         818 
  483 \      966.00 \         902 
  484 \      968.00 \         860 
  485 \      970.00 \         823 
  486 \      972.00 \         877 
  487 \      974.00 \         900 
  488 \      976.00 \         874 
  489 \      978.00 \         898 
  490 \      980.00 \         860 
  491 \      982.00 \         902 
  492 \      984.00 \         875 
  493 \      986.00 \         871 
  494 \      988.00 \         839 
  495 \      990.00 \         821 
  496 \      992.00 \         860 
  497 \      994.00 \         878 
  498 \      996.00 \         920 
  499 \      998.00 \         941 
  500 \     1000.00 \         839 
  501 \     1002.00 \         849 
  502 \     1004.00 \         872 
  503 \     1006.00 \         820 
  504 \     1008.00 \         911 
  505 \     1010.00 \         906 
  506 \     1012.00 \         854 
  507 \     1014.00 \         900 
  508 \     1016.00 \         901 
  509 \     1018.00 \         880 
  510 \     1020.00 \         900 
  511 \     1022.00 \         864 
  512 \     1024.00 \         896 
  513 \     1026.00 \         848 
  514 \     1028.00 \         862 
  515 \     1030.00 \         871 
  516 \     1032.00 \         890 
  517 \     1034.00 \         912 
  518 \     1036.00 \         890 
  519 \     1038.00 \         840 
  520 \     1040.00 \         867 
  521 \     1042.00 \         889 
  522 \     1044.00 \         892 
  523 \     1046.00 \         887 
  524 \     1048.00 \         893 
  525 \     1050.00 \         817 
  526 \     1052.00 \         839 
  527 \     1054.00 \         801 
  528 \     1056.00 \         872 
  529 \     1058.00 \         900 
  530 \     1060.00 \         914 
  531 \     1062.00 \         817 
  532 \     1064.00 \         838 
  533 \     1066.00 \         894 
  534 \     1068.00 \         868 
  535 \     1070.00 \         828 
  536 \     1072.00 \         922 
  537 \     1074.00 \         863 
  538 \     1076.00 \         873 
  539 \     1078.00 \         940 
  540 \     1080.00 \         839 
  541 \     1082.00 \         886 
  542 \     1084.00 \         886 
  543 \     1086.00 \         834 
  544 \     1088.00 \         882 
  545 \     1090.00 \         844 
  546 \     1092.00 \         900 
  547 \     1094.00 \         879 
  548 \     1096.00 \         874 
  549 \     1098.00 \         880 
  550 \     1100.00 \         860 
  551 \     1102.00 \         869 
  552 \     1104.00 \         905 
  553 \     1106.00 \         912 
  554 \     1108.00 \         841 
  555 \     1110.00 \         927 
  556 \     1112.00 \         890 
  557 \     1114.00 \         952 
  558 \     1116.00 \         919 
  559 \     1118.00 \         891 
  560 \     1120.00 \         863 
  561 \     1122.00 \         923 
  562 \     1124.00 \         890 
  563 \     1126.00 \         914 
  564 \     1128.00 \         930 
  565 \     1130.00 \         859 
  566 \     1132.00 \         845 
  567 \     1134.00 \         926 
  568 \     1136.00 \         943 
  569 \     1138.00 \         951 
  570 \     1140.00 \         857 
  571 \     1142.00 \         862 
  572 \     1144.00 \         917 
  573 \     1146.00 \         855 
  574 \     1148.00 \         929 
  575 \     1150.00 \         855 
  576 \     1152.00 \         911 
  577 \     1154.00 \         934 
  578 \     1156.00 \         953 
  579 \     1158.00 \         906 
  580 \     1160.00 \         919 
  581 \     1162.00 \         890 
  582 \     1164.00 \         911 
  583 \     1166.00 \         900 
  584 \     1168.00 \         962 
  585 \     1170.00 \         958 
  586 \     1172.00 \         975 
  587 \     1174.00 \         989 
  588 \     1176.00 \         962 
  589 \     1178.00 \         952 
  590 \     1180.00 \         962 
  591 \     1182.00 \         898 
  592 \     1184.00 \         921 
  593 \     1186.00 \         967 
  594 \     1188.00 \         945 
  595 \     1190.00 \        1011 
  596 \     1192.00 \         953 
  597 \     1194.00 \         956 
  598 \     1196.00 \        1010 
  599 \     1198.00 \        1005 
  600 \     1200.00 \         875 
  601 \     1202.00 \        1003 
  602 \     1204.00 \         967 
  603 \     1206.00 \        1021 
  604 \     1208.00 \         975 
  605 \     1210.00 \        1000 
  606 \     1212.00 \        1025 
  607 \     1214.00 \        1006 
  608 \     1216.00 \        1019 
  609 \     1218.00 \        1026 
  610 \     1220.00 \         953 
  611 \     1222.00 \        1006 
  612 \     1224.00 \        1010 
  613 \     1226.00 \        1052 
  614 \     1228.00 \        1101 
  615 \     1230.00 \        1098 
  616 \     1232.00 \        1129 
  617 \     1234.00 \        1025 
  618 \     1236.00 \        1113 
  619 \     1238.00 \        1104 
  620 \     1240.00 \        1077 
  621 \     1242.00 \        1077 
  622 \     1244.00 \        1018 
  623 \     1246.00 \        1163 
  624 \     1248.00 \        1057 
  625 \     1250.00 \        1094 
  626 \     1252.00 \        1010 
  627 \     1254.00 \        1111 
  628 \     1256.00 \        1116 
  629 \     1258.00 \        1151 
  630 \     1260.00 \        1071 
  631 \     1262.00 \        1145 
  632 \     1264.00 \        1140 
  633 \     1266.00 \        1067 
  634 \     1268.00 \        1139 
  635 \     1270.00 \        1091 
  636 \     1272.00 \        1146 
  637 \     1274.00 \        1152 
  638 \     1276.00 \        1140 
  639 \     1278.00 \        1152 
  640 \     1280.00 \        1142 
  641 \     1282.00 \        1152 
  642 \     1284.00 \        1183 
  643 \     1286.00 \        1257 
  644 \     1288.00 \        1165 
  645 \     1290.00 \        1111 
  646 \     1292.00 \        1170 
  647 \     1294.00 \        1086 
  648 \     1296.00 \        1147 
  649 \     1298.00 \        1109 
  650 \     1300.00 \        1114 
  651 \     1302.00 \        1072 
  652 \     1304.00 \        1091 
  653 \     1306.00 \         972 
  654 \     1308.00 \         952 
  655 \     1310.00 \         870 
  656 \     1312.00 \         918 
  657 \     1314.00 \         872 
  658 \     1316.00 \         874 
  659 \     1318.00 \         915 
  660 \     1320.00 \         817 
  661 \     1322.00 \         856 
  662 \     1324.00 \         889 
  663 \     1326.00 \         796 
  664 \     1328.00 \         882 
  665 \     1330.00 \         844 
  666 \     1332.00 \         848 
  667 \     1334.00 \         835 
  668 \     1336.00 \         814 
  669 \     1338.00 \         796 
  670 \     1340.00 \         844 
  671 \     1342.00 \         823 
  672 \     1344.00 \         829 
  673 \     1346.00 \         910 
  674 \     1348.00 \         770 
  675 \     1350.00 \         775 
  676 \     1352.00 \         788 
  677 \     1354.00 \         788 
  678 \     1356.00 \         808 
  679 \     1358.00 \         769 
  680 \     1360.00 \         814 
  681 \     1362.00 \         778 
  682 \     1364.00 \         794 
  683 \     1366.00 \         781 
  684 \     1368.00 \         783 
  685 \     1370.00 \         801 
  686 \     1372.00 \         762 
  687 \     1374.00 \         796 
  688 \     1376.00 \         797 
  689 \     1378.00 \         817 
  690 \     1380.00 \         780 
  691 \     1382.00 \         745 
  692 \     1384.00 \         755 
  693 \     1386.00 \         751 
  694 \     1388.00 \         751 
  695 \     1390.00 \         781 
  696 \     1392.00 \         714 
  697 \     1394.00 \         752 
  698 \     1396.00 \         776 
  699 \     1398.00 \         783 
  700 \     1400.00 \         742 
  701 \     1402.00 \         778 
  702 \     1404.00 \         742 
  703 \     1406.00 \         704 
  704 \     1408.00 \         757 
  705 \     1410.00 \         764 
  706 \     1412.00 \         714 
  707 \     1414.00 \         691 
  708 \     1416.00 \         757 
  709 \     1418.00 \         771 
  710 \     1420.00 \         735 
  711 \     1422.00 \         723 
  712 \     1424.00 \         789 
  713 \     1426.00 \         755 
  714 \     1428.00 \         726 
  715 \     1430.00 \         749 
  716 \     1432.00 \         675 
  717 \     1434.00 \         698 
  718 \     1436.00 \         670 
  719 \     1438.00 \         750 
  720 \     1440.00 \         699 
  721 \     1442.00 \         766 
  722 \     1444.00 \         716 
  723 \     1446.00 \         741 
  724 \     1448.00 \         685 
  725 \     1450.00 \         773 
  726 \     1452.00 \         715 
  727 \     1454.00 \         727 
  728 \     1456.00 \         762 
  729 \     1458.00 \         704 
  730 \     1460.00 \         754 
  731 \     1462.00 \         686 
  732 \     1464.00 \         735 
  733 \     1466.00 \         728 
  734 \     1468.00 \         702 
  735 \     1470.00 \         724 
  736 \     1472.00 \         800 
  737 \     1474.00 \         712 
  738 \     1476.00 \         737 
  739 \     1478.00 \         750 
  740 \     1480.00 \         750 
  741 \     1482.00 \         781 
  742 \     1484.00 \         768 
  743 \     1486.00 \         746 
  744 \     1488.00 \         773 
  745 \     1490.00 \         785 
  746 \     1492.00 \         715 
  747 \     1494.00 \         763 
  748 \     1496.00 \         767 
  749 \     1498.00 \         764 
  750 \     1500.00 \         749 
  751 \     1502.00 \         706 
  752 \     1504.00 \         705 
  753 \     1506.00 \         682 
  754 \     1508.00 \         674 
  755 \     1510.00 \         589 
  756 \     1512.00 \         565 
  757 \     1514.00 \         536 
  758 \     1516.00 \         585 
  759 \     1518.00 \         529 
  760 \     1520.00 \         487 
  761 \     1522.00 \         516 
  762 \     1524.00 \         465 
  763 \     1526.00 \         502 
  764 \     1528.00 \         483 
  765 \     1530.00 \         462 
  766 \     1532.00 \         466 
  767 \     1534.00 \         421 
  768 \     1536.00 \         475 
  769 \     1538.00 \         431 
  770 \     1540.00 \         384 
  771 \     1542.00 \         447 
  772 \     1544.00 \         425 
  773 \     1546.00 \         415 
  774 \     1548.00 \         442 
  775 \     1550.00 \         415 
  776 \     1552.00 \         377 
  777 \     1554.00 \         412 
  778 \     1556.00 \         357 
  779 \     1558.00 \         389 
  780 \     1560.00 \         413 
  781 \     1562.00 \         377 
  782 \     1564.00 \         411 
  783 \     1566.00 \         415 
  784 \     1568.00 \         398 
  785 \     1570.00 \         495 
  786 \     1572.00 \         658 
  787 \     1574.00 \         959 
  788 \     1576.00 \        1695 
  789 \     1578.00 \        2819 
  790 \     1580.00 \        4365 
  791 \     1582.00 \        5570 
  792 \     1584.00 \        6352 
  793 \     1586.00 \        5876 
  794 \     1588.00 \        4430 
  795 \     1590.00 \        3307 
  796 \     1592.00 \        2366 
  797 \     1594.00 \        1467 
  798 \     1596.00 \         706 
  799 \     1598.00 \         305 
  800 \     1600.00 \         276 
  801 \     1602.00 \         250 
  802 \     1604.00 \         278 
  803 \     1606.00 \         272 
  804 \     1608.00 \         252 
  805 \     1610.00 \         234 
  806 \     1612.00 \         243 
  807 \     1614.00 \         237 
  808 \     1616.00 \         229 
  809 \     1618.00 \         220 
  810 \     1620.00 \         239 
  811 \     1622.00 \         229 
  812 \     1624.00 \         223 
  813 \     1626.00 \         207 
  814 \     1628.00 \         179 
  815 \     1630.00 \         195 
  816 \     1632.00 \         202 
  817 \     1634.00 \         192 
  818 \     1636.00 \         191 
  819 \     1638.00 \         190 
  820 \     1640.00 \         189 
  821 \     1642.00 \         163 
  822 \     1644.00 \         157 
  823 \     1646.00 \         150 
  824 \     1648.00 \         151 
  825 \     1650.00 \         144 
  826 \     1652.00 \         153 
  827 \     1654.00 \         136 
  828 \     1656.00 \         146 
  829 \     1658.00 \         143 
  830 \     1660.00 \         132 
  831 \     1662.00 \         132 
  832 \     1664.00 \         144 
  833 \     1666.00 \         136 
  834 \     1668.00 \         115 
  835 \     1670.00 \         133 
  836 \     1672.00 \         121 
  837 \     1674.00 \         126 
  838 \     1676.00 \          87 
  839 \     1678.00 \         110 
  840 \     1680.00 \         106 
  841 \     1682.00 \         106 
  842 \     1684.00 \         115 
  843 \     1686.00 \         105 
  844 \     1688.00 \         123 
  845 \     1690.00 \         104 
  846 \     1692.00 \          97 
  847 \     1694.00 \         108 
  848 \     1696.00 \          85 
  849 \     1698.00 \          90 
  850 \     1700.00 \         102 
  851 \     1702.00 \          89 
  852 \     1704.00 \          95 
  853 \     1706.00 \          97 
  854 \     1708.00 \         100 
  855 \     1710.00 \          93 
  856 \     1712.00 \          92 
  857 \     1714.00 \          82 
  858 \     1716.00 \          90 
  859 \     1718.00 \          86 
  860 \     1720.00 \         109 
  861 \     1722.00 \         102 
  862 \     1724.00 \         105 
  863 \     1726.00 \         107 
  864 \     1728.00 \          87 
  865 \     1730.00 \          89 
  866 \     1732.00 \          61 
  867 \     1734.00 \         101 
  868 \     1736.00 \          72 
  869 \     1738.00 \          71 
  870 \     1740.00 \          74 
  871 \     1742.00 \          78 
  872 \     1744.00 \          65 
  873 \     1746.00 \          83 
  874 \     1748.00 \          62 
  875 \     1750.00 \          88 
  876 \     1752.00 \          62 
  877 \     1754.00 \          67 
  878 \     1756.00 \          75 
  879 \     1758.00 \          73 
  880 \     1760.00 \          85 
  881 \     1762.00 \          83 
  882 \     1764.00 \          65 
  883 \     1766.00 \          76 
  884 \     1768.00 \          81 
  885 \     1770.00 \          83 
  886 \     1772.00 \          65 
  887 \     1774.00 \          78 
  888 \     1776.00 \          92 
  889 \     1778.00 \         105 
  890 \     1780.00 \         132 
  891 \     1782.00 \         172 
  892 \     1784.00 \         200 
  893 \     1786.00 \         328 
  894 \     1788.00 \         524 
  895 \     1790.00 \        1062 
  896 \     1792.00 \        2044 
  897 \     1794.00 \        3085 
  898 \     1796.00 \        4254 
  899 \     1798.00 \        4916 
  900 \     1800.00 \        5110 
  901 \     1802.00 \        4275 
  902 \     1804.00 \        2975 
  903 \     1806.00 \        2203 
  904 \     1808.00 \        1456 
  905 \     1810.00 \         742 
  906 \     1812.00 \         255 
  907 \     1814.00 \          64 
  908 \     1816.00 \          50 
  909 \     1818.00 \          47 
  910 \     1820.00 \          28 
  911 \     1822.00 \          35 
  912 \     1824.00 \          34 
  913 \     1826.00 \          32 
  914 \     1828.00 \          33 
  915 \     1830.00 \          36 
  916 \     1832.00 \          28 
  917 \     1834.00 \          50 
  918 \     1836.00 \          32 
  919 \     1838.00 \          35 
  920 \     1840.00 \          29 
  921 \     1842.00 \          39 
  922 \     1844.00 \          31 
  923 \     1846.00 \          34 
  924 \     1848.00 \          26 
  925 \     1850.00 \          40 
  926 \     1852.00 \          32 
  927 \     1854.00 \          35 
  928 \     1856.00 \          33 
  929 \     1858.00 \          33 
  930 \     1860.00 \          25 
  931 \     1862.00 \          36 
  932 \     1864.00 \          32 
  933 \     1866.00 \          33 
  934 \     1868.00 \          27 
  935 \     1870.00 \          36 
  936 \     1872.00 \          25 
  937 \     1874.00 \          33 
  938 \     1876.00 \          36 
  939 \     1878.00 \          35 
  940 \     1880.00 \          29 
  941 \     1882.00 \          35 
  942 \     1884.00 \          31 
  943 \     1886.00 \          30 
  944 \     1888.00 \          26 
  945 \     1890.00 \          30 
  946 \     1892.00 \          29 
  947 \     1894.00 \          33 
  948 \     1896.00 \          23 
  949 \     1898.00 \          29 
  950 \     1900.00 \          21 
  951 \     1902.00 \          30 
  952 \     1904.00 \          24 
  953 \     1906.00 \          17 
  954 \     1908.00 \          32 
  955 \     1910.00 \          35 
  956 \     1912.00 \          16 
  957 \     1914.00 \          27 
  958 \     1916.00 \          32 
  959 \     1918.00 \          25 
  960 \     1920.00 \          24 
  961 \     1922.00 \          20 
  962 \     1924.00 \          20 
  963 \     1926.00 \          24 
  964 \     1928.00 \          33 
  965 \     1930.00 \          22 
  966 \     1932.00 \          31 
  967 \     1934.00 \          29 
  968 \     1936.00 \          18 
  969 \     1938.00 \          16 
  970 \     1940.00 \          17 
  971 \     1942.00 \          23 
  972 \     1944.00 \          30 
  973 \     1946.00 \          22 
  974 \     1948.00 \          34 
  975 \     1950.00 \          27 
  976 \     1952.00 \          26 
  977 \     1954.00 \          19 
  978 \     1956.00 \          21 
  979 \     1958.00 \          21 
  980 \     1960.00 \          24 
  981 \     1962.00 \          24 
  982 \     1964.00 \          24 
  983 \     1966.00 \          30 
  984 \     1968.00 \          29 
  985 \     1970.00 \          24 
  986 \     1972.00 \          21 
  987 \     1974.00 \          23 
  988 \     1976.00 \          21 
  989 \     1978.00 \          28 
  990 \     1980.00 \          24 
  991 \     1982.00 \          22 
  992 \     1984.00 \          19 
  993 \     1986.00 \          17 
  994 \     1988.00 \          23 
  995 \     1990.00 \          15 
  996 \     1992.00 \          16 
  997 \     1994.00 \          37 
  998 \     1996.00 \          19 
  999 \     1998.00 \          16 
 1000 \     2000.00 \          21 
 1001 \     2002.00 \          31 
 1002 \     2004.00 \          28 
 1003 \     2006.00 \          16 
 1004 \     2008.00 \          25 
 1005 \     2010.00 \          21 
 1006 \     2012.00 \          20 
 1007 \     2014.00 \          27 
 1008 \     2016.00 \          16 
 1009 \     2018.00 \          18 
 1010 \     2020.00 \          15 
 1011 \     2022.00 \          19 
 1012 \     2024.00 \          23 
 1013 \     2026.00 \          31 
 1014 \     2028.00 \          24 
 1015 \     2030.00 \          12 
 1016 \     2032.00 \          21 
 1017 \     2034.00 \          23 
 1018 \     2036.00 \          15 
 1019 \     2038.00 \          25 
 1020 \     2040.00 \          21 
 1021 \     2042.00 \          16 
 1022 \     2044.00 \           1 
 1023 \     2046.00 \           0 
 1024 \     2048.00 \           0 
