         *****         Proben-ID:                          *****

                 Live time:       100
                 Real Time:       100
     0.00000
     2.00000
     0.00000
     0.00000
     0.00000
     0.00000
    1 \        2.00 \           0 
    2 \        4.00 \           0 
    3 \        6.00 \           0 
    4 \        8.00 \           0 
    5 \       10.00 \           0 
    6 \       12.00 \           5 
    7 \       14.00 \          16 
    8 \       16.00 \           0 
    9 \       18.00 \           0 
   10 \       20.00 \           0 
   11 \       22.00 \           2 
   12 \       24.00 \          43 
   13 \       26.00 \          47 
   14 \       28.00 \          38 
   15 \       30.00 \          27 
   16 \       32.00 \          33 
   17 \       34.00 \          40 
   18 \       36.00 \          30 
   19 \       38.00 \          29 
   20 \       40.00 \          19 
   21 \       42.00 \          19 
   22 \       44.00 \          18 
   23 \       46.00 \          20 
   24 \       48.00 \          28 
   25 \       50.00 \          21 
   26 \       52.00 \          22 
   27 \       54.00 \          10 
   28 \       56.00 \          16 
   29 \       58.00 \          22 
   30 \       60.00 \          17 
   31 \       62.00 \          21 
   32 \       64.00 \          19 
   33 \       66.00 \          23 
   34 \       68.00 \          16 
   35 \       70.00 \          18 
   36 \       72.00 \          18 
   37 \       74.00 \          27 
   38 \       76.00 \          19 
   39 \       78.00 \          25 
   40 \       80.00 \         178 
   41 \       82.00 \        1125 
   42 \       84.00 \          58 
   43 \       86.00 \          11 
   44 \       88.00 \           7 
   45 \       90.00 \          10 
   46 \       92.00 \           9 
   47 \       94.00 \           7 
   48 \       96.00 \          13 
   49 \       98.00 \          13 
   50 \      100.00 \           8 
   51 \      102.00 \           8 
   52 \      104.00 \          13 
   53 \      106.00 \          10 
   54 \      108.00 \           6 
   55 \      110.00 \          13 
   56 \      112.00 \           8 
   57 \      114.00 \          12 
   58 \      116.00 \           9 
   59 \      118.00 \           7 
   60 \      120.00 \           4 
   61 \      122.00 \          17 
   62 \      124.00 \           6 
   63 \      126.00 \           8 
   64 \      128.00 \          11 
   65 \      130.00 \          13 
   66 \      132.00 \           9 
   67 \      134.00 \          13 
   68 \      136.00 \          11 
   69 \      138.00 \          14 
   70 \      140.00 \          17 
   71 \      142.00 \          14 
   72 \      144.00 \          13 
   73 \      146.00 \          13 
   74 \      148.00 \          17 
   75 \      150.00 \          11 
   76 \      152.00 \          21 
   77 \      154.00 \          11 
   78 \      156.00 \          13 
   79 \      158.00 \          12 
   80 \      160.00 \          15 
   81 \      162.00 \          18 
   82 \      164.00 \          17 
   83 \      166.00 \          12 
   84 \      168.00 \          15 
   85 \      170.00 \          22 
   86 \      172.00 \          13 
   87 \      174.00 \          14 
   88 \      176.00 \           8 
   89 \      178.00 \          16 
   90 \      180.00 \          26 
   91 \      182.00 \          13 
   92 \      184.00 \          16 
   93 \      186.00 \          10 
   94 \      188.00 \          15 
   95 \      190.00 \          16 
   96 \      192.00 \          14 
   97 \      194.00 \          10 
   98 \      196.00 \          10 
   99 \      198.00 \          10 
  100 \      200.00 \          11 
  101 \      202.00 \           9 
  102 \      204.00 \          16 
  103 \      206.00 \          17 
  104 \      208.00 \          17 
  105 \      210.00 \          21 
  106 \      212.00 \          13 
  107 \      214.00 \          13 
  108 \      216.00 \          10 
  109 \      218.00 \          13 
  110 \      220.00 \          10 
  111 \      222.00 \          14 
  112 \      224.00 \           7 
  113 \      226.00 \          14 
  114 \      228.00 \          15 
  115 \      230.00 \          16 
  116 \      232.00 \          18 
  117 \      234.00 \          16 
  118 \      236.00 \          14 
  119 \      238.00 \           9 
  120 \      240.00 \          15 
  121 \      242.00 \           9 
  122 \      244.00 \          16 
  123 \      246.00 \          17 
  124 \      248.00 \          10 
  125 \      250.00 \          11 
  126 \      252.00 \          14 
  127 \      254.00 \          16 
  128 \      256.00 \          12 
  129 \      258.00 \          10 
  130 \      260.00 \          16 
  131 \      262.00 \           3 
  132 \      264.00 \          10 
  133 \      266.00 \          13 
  134 \      268.00 \          13 
  135 \      270.00 \          12 
  136 \      272.00 \           8 
  137 \      274.00 \          13 
  138 \      276.00 \          10 
  139 \      278.00 \           9 
  140 \      280.00 \           7 
  141 \      282.00 \           8 
  142 \      284.00 \          11 
  143 \      286.00 \          10 
  144 \      288.00 \           5 
  145 \      290.00 \           7 
  146 \      292.00 \          10 
  147 \      294.00 \          11 
  148 \      296.00 \          10 
  149 \      298.00 \           9 
  150 \      300.00 \           9 
  151 \      302.00 \          11 
  152 \      304.00 \          15 
  153 \      306.00 \          10 
  154 \      308.00 \          10 
  155 \      310.00 \          11 
  156 \      312.00 \           6 
  157 \      314.00 \           5 
  158 \      316.00 \           7 
  159 \      318.00 \           2 
  160 \      320.00 \           9 
  161 \      322.00 \          10 
  162 \      324.00 \           7 
  163 \      326.00 \          11 
  164 \      328.00 \           2 
  165 \      330.00 \           4 
  166 \      332.00 \           9 
  167 \      334.00 \          14 
  168 \      336.00 \           6 
  169 \      338.00 \          10 
  170 \      340.00 \          12 
  171 \      342.00 \           4 
  172 \      344.00 \          10 
  173 \      346.00 \           8 
  174 \      348.00 \           7 
  175 \      350.00 \           3 
  176 \      352.00 \           4 
  177 \      354.00 \           4 
  178 \      356.00 \           8 
  179 \      358.00 \           1 
  180 \      360.00 \           8 
  181 \      362.00 \           4 
  182 \      364.00 \           7 
  183 \      366.00 \           3 
  184 \      368.00 \           6 
  185 \      370.00 \           5 
  186 \      372.00 \           6 
  187 \      374.00 \           4 
  188 \      376.00 \           2 
  189 \      378.00 \           5 
  190 \      380.00 \           5 
  191 \      382.00 \           6 
  192 \      384.00 \           3 
  193 \      386.00 \           6 
  194 \      388.00 \           8 
  195 \      390.00 \           9 
  196 \      392.00 \           5 
  197 \      394.00 \           2 
  198 \      396.00 \           2 
  199 \      398.00 \           7 
  200 \      400.00 \           4 
  201 \      402.00 \           6 
  202 \      404.00 \           6 
  203 \      406.00 \           3 
  204 \      408.00 \           7 
  205 \      410.00 \           7 
  206 \      412.00 \           5 
  207 \      414.00 \           3 
  208 \      416.00 \           6 
  209 \      418.00 \           3 
  210 \      420.00 \           5 
  211 \      422.00 \           6 
  212 \      424.00 \           2 
  213 \      426.00 \           3 
  214 \      428.00 \           3 
  215 \      430.00 \           0 
  216 \      432.00 \           4 
  217 \      434.00 \           2 
  218 \      436.00 \           4 
  219 \      438.00 \           8 
  220 \      440.00 \           3 
  221 \      442.00 \           4 
  222 \      444.00 \          13 
  223 \      446.00 \           5 
  224 \      448.00 \           6 
  225 \      450.00 \           0 
  226 \      452.00 \           2 
  227 \      454.00 \           1 
  228 \      456.00 \           2 
  229 \      458.00 \           5 
  230 \      460.00 \           3 
  231 \      462.00 \           6 
  232 \      464.00 \           4 
  233 \      466.00 \           3 
  234 \      468.00 \           8 
  235 \      470.00 \           3 
  236 \      472.00 \           3 
  237 \      474.00 \           3 
  238 \      476.00 \           6 
  239 \      478.00 \           6 
  240 \      480.00 \           7 
  241 \      482.00 \           4 
  242 \      484.00 \           2 
  243 \      486.00 \           7 
  244 \      488.00 \           3 
  245 \      490.00 \           6 
  246 \      492.00 \           2 
  247 \      494.00 \           1 
  248 \      496.00 \           2 
  249 \      498.00 \           3 
  250 \      500.00 \           1 
  251 \      502.00 \           4 
  252 \      504.00 \           2 
  253 \      506.00 \           1 
  254 \      508.00 \           4 
  255 \      510.00 \           3 
  256 \      512.00 \           5 
  257 \      514.00 \           2 
  258 \      516.00 \           2 
  259 \      518.00 \           4 
  260 \      520.00 \           1 
  261 \      522.00 \           4 
  262 \      524.00 \           4 
  263 \      526.00 \           5 
  264 \      528.00 \           1 
  265 \      530.00 \           0 
  266 \      532.00 \           3 
  267 \      534.00 \           4 
  268 \      536.00 \           5 
  269 \      538.00 \           2 
  270 \      540.00 \           2 
  271 \      542.00 \           3 
  272 \      544.00 \           1 
  273 \      546.00 \           4 
  274 \      548.00 \           2 
  275 \      550.00 \           4 
  276 \      552.00 \           4 
  277 \      554.00 \           4 
  278 \      556.00 \           1 
  279 \      558.00 \           1 
  280 \      560.00 \           2 
  281 \      562.00 \           2 
  282 \      564.00 \           4 
  283 \      566.00 \           2 
  284 \      568.00 \           4 
  285 \      570.00 \           1 
  286 \      572.00 \           4 
  287 \      574.00 \           6 
  288 \      576.00 \           3 
  289 \      578.00 \           5 
  290 \      580.00 \           3 
  291 \      582.00 \           0 
  292 \      584.00 \           0 
  293 \      586.00 \           2 
  294 \      588.00 \           5 
  295 \      590.00 \           6 
  296 \      592.00 \           4 
  297 \      594.00 \           1 
  298 \      596.00 \           2 
  299 \      598.00 \           1 
  300 \      600.00 \           2 
  301 \      602.00 \           1 
  302 \      604.00 \           5 
  303 \      606.00 \           1 
  304 \      608.00 \           2 
  305 \      610.00 \           1 
  306 \      612.00 \           1 
  307 \      614.00 \           0 
  308 \      616.00 \           1 
  309 \      618.00 \           1 
  310 \      620.00 \           2 
  311 \      622.00 \           1 
  312 \      624.00 \           4 
  313 \      626.00 \           3 
  314 \      628.00 \           1 
  315 \      630.00 \           5 
  316 \      632.00 \           2 
  317 \      634.00 \           1 
  318 \      636.00 \           1 
  319 \      638.00 \           0 
  320 \      640.00 \           2 
  321 \      642.00 \           4 
  322 \      644.00 \           0 
  323 \      646.00 \           2 
  324 \      648.00 \           1 
  325 \      650.00 \           0 
  326 \      652.00 \           1 
  327 \      654.00 \           1 
  328 \      656.00 \           1 
  329 \      658.00 \           3 
  330 \      660.00 \           2 
  331 \      662.00 \           0 
  332 \      664.00 \           2 
  333 \      666.00 \           2 
  334 \      668.00 \           0 
  335 \      670.00 \           4 
  336 \      672.00 \           2 
  337 \      674.00 \           4 
  338 \      676.00 \           1 
  339 \      678.00 \           1 
  340 \      680.00 \           2 
  341 \      682.00 \           3 
  342 \      684.00 \           1 
  343 \      686.00 \           0 
  344 \      688.00 \           4 
  345 \      690.00 \           9 
  346 \      692.00 \           5 
  347 \      694.00 \           2 
  348 \      696.00 \           2 
  349 \      698.00 \           1 
  350 \      700.00 \           1 
  351 \      702.00 \           3 
  352 \      704.00 \           1 
  353 \      706.00 \           2 
  354 \      708.00 \           0 
  355 \      710.00 \           2 
  356 \      712.00 \           0 
  357 \      714.00 \           0 
  358 \      716.00 \           2 
  359 \      718.00 \           0 
  360 \      720.00 \           1 
  361 \      722.00 \           1 
  362 \      724.00 \           2 
  363 \      726.00 \           0 
  364 \      728.00 \           0 
  365 \      730.00 \           2 
  366 \      732.00 \           0 
  367 \      734.00 \           2 
  368 \      736.00 \           0 
  369 \      738.00 \           0 
  370 \      740.00 \           4 
  371 \      742.00 \           0 
  372 \      744.00 \           1 
  373 \      746.00 \           2 
  374 \      748.00 \           4 
  375 \      750.00 \           1 
  376 \      752.00 \           3 
  377 \      754.00 \           0 
  378 \      756.00 \           1 
  379 \      758.00 \           2 
  380 \      760.00 \           1 
  381 \      762.00 \           1 
  382 \      764.00 \           2 
  383 \      766.00 \           1 
  384 \      768.00 \           1 
  385 \      770.00 \           0 
  386 \      772.00 \           0 
  387 \      774.00 \           0 
  388 \      776.00 \           2 
  389 \      778.00 \           2 
  390 \      780.00 \           2 
  391 \      782.00 \           1 
  392 \      784.00 \           1 
  393 \      786.00 \           2 
  394 \      788.00 \           1 
  395 \      790.00 \           2 
  396 \      792.00 \           3 
  397 \      794.00 \           5 
  398 \      796.00 \           1 
  399 \      798.00 \           2 
  400 \      800.00 \           0 
  401 \      802.00 \           1 
  402 \      804.00 \           1 
  403 \      806.00 \           1 
  404 \      808.00 \           0 
  405 \      810.00 \           0 
  406 \      812.00 \           0 
  407 \      814.00 \           0 
  408 \      816.00 \           1 
  409 \      818.00 \           1 
  410 \      820.00 \           4 
  411 \      822.00 \           2 
  412 \      824.00 \           3 
  413 \      826.00 \           2 
  414 \      828.00 \           2 
  415 \      830.00 \           1 
  416 \      832.00 \           0 
  417 \      834.00 \           0 
  418 \      836.00 \           0 
  419 \      838.00 \           2 
  420 \      840.00 \           1 
  421 \      842.00 \           2 
  422 \      844.00 \           1 
  423 \      846.00 \           0 
  424 \      848.00 \           2 
  425 \      850.00 \           3 
  426 \      852.00 \           1 
  427 \      854.00 \           3 
  428 \      856.00 \           3 
  429 \      858.00 \           0 
  430 \      860.00 \           1 
  431 \      862.00 \           2 
  432 \      864.00 \           0 
  433 \      866.00 \           0 
  434 \      868.00 \           1 
  435 \      870.00 \           1 
  436 \      872.00 \           1 
  437 \      874.00 \           4 
  438 \      876.00 \           2 
  439 \      878.00 \           1 
  440 \      880.00 \           1 
  441 \      882.00 \           0 
  442 \      884.00 \           2 
  443 \      886.00 \           0 
  444 \      888.00 \           0 
  445 \      890.00 \           1 
  446 \      892.00 \           4 
  447 \      894.00 \           2 
  448 \      896.00 \           0 
  449 \      898.00 \           0 
  450 \      900.00 \           0 
  451 \      902.00 \           2 
  452 \      904.00 \           0 
  453 \      906.00 \           0 
  454 \      908.00 \           1 
  455 \      910.00 \           2 
  456 \      912.00 \           0 
  457 \      914.00 \           2 
  458 \      916.00 \           1 
  459 \      918.00 \           1 
  460 \      920.00 \           0 
  461 \      922.00 \           1 
  462 \      924.00 \           0 
  463 \      926.00 \           0 
  464 \      928.00 \           3 
  465 \      930.00 \           1 
  466 \      932.00 \           2 
  467 \      934.00 \           0 
  468 \      936.00 \           0 
  469 \      938.00 \           1 
  470 \      940.00 \           0 
  471 \      942.00 \           1 
  472 \      944.00 \           1 
  473 \      946.00 \           1 
  474 \      948.00 \           0 
  475 \      950.00 \           0 
  476 \      952.00 \           0 
  477 \      954.00 \           1 
  478 \      956.00 \           0 
  479 \      958.00 \           0 
  480 \      960.00 \           2 
  481 \      962.00 \           0 
  482 \      964.00 \           1 
  483 \      966.00 \           1 
  484 \      968.00 \           0 
  485 \      970.00 \           0 
  486 \      972.00 \           0 
  487 \      974.00 \           2 
  488 \      976.00 \           2 
  489 \      978.00 \           0 
  490 \      980.00 \           0 
  491 \      982.00 \           1 
  492 \      984.00 \           2 
  493 \      986.00 \           0 
  494 \      988.00 \           1 
  495 \      990.00 \           0 
  496 \      992.00 \           3 
  497 \      994.00 \           2 
  498 \      996.00 \           0 
  499 \      998.00 \           3 
  500 \     1000.00 \           1 
  501 \     1002.00 \           2 
  502 \     1004.00 \           0 
  503 \     1006.00 \           1 
  504 \     1008.00 \           0 
  505 \     1010.00 \           2 
  506 \     1012.00 \           0 
  507 \     1014.00 \           2 
  508 \     1016.00 \           0 
  509 \     1018.00 \           0 
  510 \     1020.00 \           2 
  511 \     1022.00 \           1 
  512 \     1024.00 \           1 
  513 \     1026.00 \           2 
  514 \     1028.00 \           0 
  515 \     1030.00 \           0 
  516 \     1032.00 \           0 
  517 \     1034.00 \           2 
  518 \     1036.00 \           1 
  519 \     1038.00 \           2 
  520 \     1040.00 \           0 
  521 \     1042.00 \           0 
  522 \     1044.00 \           0 
  523 \     1046.00 \           0 
  524 \     1048.00 \           0 
  525 \     1050.00 \           4 
  526 \     1052.00 \           1 
  527 \     1054.00 \           0 
  528 \     1056.00 \           0 
  529 \     1058.00 \           1 
  530 \     1060.00 \           1 
  531 \     1062.00 \           3 
  532 \     1064.00 \           1 
  533 \     1066.00 \           0 
  534 \     1068.00 \           2 
  535 \     1070.00 \           0 
  536 \     1072.00 \           0 
  537 \     1074.00 \           1 
  538 \     1076.00 \           0 
  539 \     1078.00 \           4 
  540 \     1080.00 \           0 
  541 \     1082.00 \           0 
  542 \     1084.00 \           0 
  543 \     1086.00 \           0 
  544 \     1088.00 \           2 
  545 \     1090.00 \           0 
  546 \     1092.00 \           0 
  547 \     1094.00 \           0 
  548 \     1096.00 \           2 
  549 \     1098.00 \           0 
  550 \     1100.00 \           0 
  551 \     1102.00 \           1 
  552 \     1104.00 \           1 
  553 \     1106.00 \           1 
  554 \     1108.00 \           0 
  555 \     1110.00 \           1 
  556 \     1112.00 \           1 
  557 \     1114.00 \           0 
  558 \     1116.00 \           0 
  559 \     1118.00 \           1 
  560 \     1120.00 \           0 
  561 \     1122.00 \           0 
  562 \     1124.00 \           0 
  563 \     1126.00 \           2 
  564 \     1128.00 \           0 
  565 \     1130.00 \           1 
  566 \     1132.00 \           0 
  567 \     1134.00 \           1 
  568 \     1136.00 \           1 
  569 \     1138.00 \           0 
  570 \     1140.00 \           0 
  571 \     1142.00 \           0 
  572 \     1144.00 \           0 
  573 \     1146.00 \           0 
  574 \     1148.00 \           0 
  575 \     1150.00 \           0 
  576 \     1152.00 \           1 
  577 \     1154.00 \           1 
  578 \     1156.00 \           1 
  579 \     1158.00 \           0 
  580 \     1160.00 \           0 
  581 \     1162.00 \           0 
  582 \     1164.00 \           1 
  583 \     1166.00 \           0 
  584 \     1168.00 \           0 
  585 \     1170.00 \           0 
  586 \     1172.00 \           0 
  587 \     1174.00 \           0 
  588 \     1176.00 \           0 
  589 \     1178.00 \           0 
  590 \     1180.00 \           0 
  591 \     1182.00 \           1 
  592 \     1184.00 \           0 
  593 \     1186.00 \           0 
  594 \     1188.00 \           1 
  595 \     1190.00 \           0 
  596 \     1192.00 \           0 
  597 \     1194.00 \           0 
  598 \     1196.00 \           0 
  599 \     1198.00 \           0 
  600 \     1200.00 \           0 
  601 \     1202.00 \           1 
  602 \     1204.00 \           0 
  603 \     1206.00 \           2 
  604 \     1208.00 \           2 
  605 \     1210.00 \           2 
  606 \     1212.00 \           0 
  607 \     1214.00 \           0 
  608 \     1216.00 \           0 
  609 \     1218.00 \           0 
  610 \     1220.00 \           0 
  611 \     1222.00 \           0 
  612 \     1224.00 \           1 
  613 \     1226.00 \           2 
  614 \     1228.00 \           0 
  615 \     1230.00 \           2 
  616 \     1232.00 \           2 
  617 \     1234.00 \           2 
  618 \     1236.00 \           1 
  619 \     1238.00 \           0 
  620 \     1240.00 \           1 
  621 \     1242.00 \           0 
  622 \     1244.00 \           1 
  623 \     1246.00 \           1 
  624 \     1248.00 \           0 
  625 \     1250.00 \           0 
  626 \     1252.00 \           0 
  627 \     1254.00 \           0 
  628 \     1256.00 \           1 
  629 \     1258.00 \           1 
  630 \     1260.00 \           0 
  631 \     1262.00 \           0 
  632 \     1264.00 \           1 
  633 \     1266.00 \           0 
  634 \     1268.00 \           1 
  635 \     1270.00 \           2 
  636 \     1272.00 \           1 
  637 \     1274.00 \           3 
  638 \     1276.00 \           0 
  639 \     1278.00 \           1 
  640 \     1280.00 \           0 
  641 \     1282.00 \           0 
  642 \     1284.00 \           1 
  643 \     1286.00 \           0 
  644 \     1288.00 \           0 
  645 \     1290.00 \           0 
  646 \     1292.00 \           0 
  647 \     1294.00 \           1 
  648 \     1296.00 \           0 
  649 \     1298.00 \           1 
  650 \     1300.00 \           0 
  651 \     1302.00 \           0 
  652 \     1304.00 \           0 
  653 \     1306.00 \           1 
  654 \     1308.00 \           1 
  655 \     1310.00 \           0 
  656 \     1312.00 \           0 
  657 \     1314.00 \           0 
  658 \     1316.00 \           1 
  659 \     1318.00 \           0 
  660 \     1320.00 \           0 
  661 \     1322.00 \           0 
  662 \     1324.00 \           0 
  663 \     1326.00 \           1 
  664 \     1328.00 \           0 
  665 \     1330.00 \           0 
  666 \     1332.00 \           3 
  667 \     1334.00 \           0 
  668 \     1336.00 \           1 
  669 \     1338.00 \           1 
  670 \     1340.00 \           1 
  671 \     1342.00 \           2 
  672 \     1344.00 \           1 
  673 \     1346.00 \           1 
  674 \     1348.00 \           0 
  675 \     1350.00 \           0 
  676 \     1352.00 \           0 
  677 \     1354.00 \           0 
  678 \     1356.00 \           0 
  679 \     1358.00 \           0 
  680 \     1360.00 \           0 
  681 \     1362.00 \           1 
  682 \     1364.00 \           0 
  683 \     1366.00 \           0 
  684 \     1368.00 \           0 
  685 \     1370.00 \           0 
  686 \     1372.00 \           1 
  687 \     1374.00 \           1 
  688 \     1376.00 \           0 
  689 \     1378.00 \           1 
  690 \     1380.00 \           0 
  691 \     1382.00 \           0 
  692 \     1384.00 \           0 
  693 \     1386.00 \           1 
  694 \     1388.00 \           0 
  695 \     1390.00 \           0 
  696 \     1392.00 \           1 
  697 \     1394.00 \           1 
  698 \     1396.00 \           0 
  699 \     1398.00 \           2 
  700 \     1400.00 \           1 
  701 \     1402.00 \           1 
  702 \     1404.00 \           2 
  703 \     1406.00 \           1 
  704 \     1408.00 \           0 
  705 \     1410.00 \           0 
  706 \     1412.00 \           1 
  707 \     1414.00 \           1 
  708 \     1416.00 \           1 
  709 \     1418.00 \           2 
  710 \     1420.00 \           0 
  711 \     1422.00 \           0 
  712 \     1424.00 \           0 
  713 \     1426.00 \           1 
  714 \     1428.00 \           1 
  715 \     1430.00 \           0 
  716 \     1432.00 \           0 
  717 \     1434.00 \           0 
  718 \     1436.00 \           0 
  719 \     1438.00 \           1 
  720 \     1440.00 \           0 
  721 \     1442.00 \           0 
  722 \     1444.00 \           0 
  723 \     1446.00 \           0 
  724 \     1448.00 \           1 
  725 \     1450.00 \           1 
  726 \     1452.00 \           0 
  727 \     1454.00 \           0 
  728 \     1456.00 \           0 
  729 \     1458.00 \           1 
  730 \     1460.00 \           1 
  731 \     1462.00 \           0 
  732 \     1464.00 \           2 
  733 \     1466.00 \           2 
  734 \     1468.00 \           0 
  735 \     1470.00 \           0 
  736 \     1472.00 \           0 
  737 \     1474.00 \           0 
  738 \     1476.00 \           0 
  739 \     1478.00 \           0 
  740 \     1480.00 \           0 
  741 \     1482.00 \           1 
  742 \     1484.00 \           0 
  743 \     1486.00 \           0 
  744 \     1488.00 \           1 
  745 \     1490.00 \           0 
  746 \     1492.00 \           0 
  747 \     1494.00 \           0 
  748 \     1496.00 \           1 
  749 \     1498.00 \           1 
  750 \     1500.00 \           0 
  751 \     1502.00 \           0 
  752 \     1504.00 \           0 
  753 \     1506.00 \           0 
  754 \     1508.00 \           0 
  755 \     1510.00 \           1 
  756 \     1512.00 \           1 
  757 \     1514.00 \           2 
  758 \     1516.00 \           0 
  759 \     1518.00 \           2 
  760 \     1520.00 \           0 
  761 \     1522.00 \           1 
  762 \     1524.00 \           0 
  763 \     1526.00 \           0 
  764 \     1528.00 \           0 
  765 \     1530.00 \           0 
  766 \     1532.00 \           2 
  767 \     1534.00 \           0 
  768 \     1536.00 \           0 
  769 \     1538.00 \           1 
  770 \     1540.00 \           1 
  771 \     1542.00 \           0 
  772 \     1544.00 \           0 
  773 \     1546.00 \           0 
  774 \     1548.00 \           1 
  775 \     1550.00 \           0 
  776 \     1552.00 \           0 
  777 \     1554.00 \           0 
  778 \     1556.00 \           2 
  779 \     1558.00 \           0 
  780 \     1560.00 \           0 
  781 \     1562.00 \           0 
  782 \     1564.00 \           2 
  783 \     1566.00 \           0 
  784 \     1568.00 \           0 
  785 \     1570.00 \           1 
  786 \     1572.00 \           0 
  787 \     1574.00 \           0 
  788 \     1576.00 \           1 
  789 \     1578.00 \           0 
  790 \     1580.00 \           0 
  791 \     1582.00 \           0 
  792 \     1584.00 \           0 
  793 \     1586.00 \           0 
  794 \     1588.00 \           1 
  795 \     1590.00 \           0 
  796 \     1592.00 \           0 
  797 \     1594.00 \           1 
  798 \     1596.00 \           1 
  799 \     1598.00 \           0 
  800 \     1600.00 \           0 
  801 \     1602.00 \           0 
  802 \     1604.00 \           1 
  803 \     1606.00 \           1 
  804 \     1608.00 \           0 
  805 \     1610.00 \           2 
  806 \     1612.00 \           0 
  807 \     1614.00 \           2 
  808 \     1616.00 \           1 
  809 \     1618.00 \           0 
  810 \     1620.00 \           0 
  811 \     1622.00 \           1 
  812 \     1624.00 \           1 
  813 \     1626.00 \           0 
  814 \     1628.00 \           2 
  815 \     1630.00 \           0 
  816 \     1632.00 \           1 
  817 \     1634.00 \           0 
  818 \     1636.00 \           1 
  819 \     1638.00 \           0 
  820 \     1640.00 \           0 
  821 \     1642.00 \           0 
  822 \     1644.00 \           0 
  823 \     1646.00 \           1 
  824 \     1648.00 \           0 
  825 \     1650.00 \           2 
  826 \     1652.00 \           0 
  827 \     1654.00 \           0 
  828 \     1656.00 \           0 
  829 \     1658.00 \           1 
  830 \     1660.00 \           0 
  831 \     1662.00 \           0 
  832 \     1664.00 \           0 
  833 \     1666.00 \           0 
  834 \     1668.00 \           0 
  835 \     1670.00 \           1 
  836 \     1672.00 \           0 
  837 \     1674.00 \           1 
  838 \     1676.00 \           1 
  839 \     1678.00 \           1 
  840 \     1680.00 \           0 
  841 \     1682.00 \           1 
  842 \     1684.00 \           0 
  843 \     1686.00 \           1 
  844 \     1688.00 \           0 
  845 \     1690.00 \           1 
  846 \     1692.00 \           0 
  847 \     1694.00 \           0 
  848 \     1696.00 \           1 
  849 \     1698.00 \           1 
  850 \     1700.00 \           0 
  851 \     1702.00 \           1 
  852 \     1704.00 \           1 
  853 \     1706.00 \           1 
  854 \     1708.00 \           0 
  855 \     1710.00 \           0 
  856 \     1712.00 \           2 
  857 \     1714.00 \           0 
  858 \     1716.00 \           0 
  859 \     1718.00 \           1 
  860 \     1720.00 \           0 
  861 \     1722.00 \           0 
  862 \     1724.00 \           0 
  863 \     1726.00 \           1 
  864 \     1728.00 \           0 
  865 \     1730.00 \           1 
  866 \     1732.00 \           1 
  867 \     1734.00 \           0 
  868 \     1736.00 \           1 
  869 \     1738.00 \           0 
  870 \     1740.00 \           0 
  871 \     1742.00 \           0 
  872 \     1744.00 \           0 
  873 \     1746.00 \           0 
  874 \     1748.00 \           0 
  875 \     1750.00 \           0 
  876 \     1752.00 \           1 
  877 \     1754.00 \           0 
  878 \     1756.00 \           0 
  879 \     1758.00 \           1 
  880 \     1760.00 \           0 
  881 \     1762.00 \           0 
  882 \     1764.00 \           0 
  883 \     1766.00 \           2 
  884 \     1768.00 \           0 
  885 \     1770.00 \           0 
  886 \     1772.00 \           0 
  887 \     1774.00 \           0 
  888 \     1776.00 \           0 
  889 \     1778.00 \           0 
  890 \     1780.00 \           0 
  891 \     1782.00 \           0 
  892 \     1784.00 \           0 
  893 \     1786.00 \           0 
  894 \     1788.00 \           0 
  895 \     1790.00 \           0 
  896 \     1792.00 \           0 
  897 \     1794.00 \           1 
  898 \     1796.00 \           0 
  899 \     1798.00 \           0 
  900 \     1800.00 \           2 
  901 \     1802.00 \           0 
  902 \     1804.00 \           0 
  903 \     1806.00 \           0 
  904 \     1808.00 \           1 
  905 \     1810.00 \           0 
  906 \     1812.00 \           0 
  907 \     1814.00 \           0 
  908 \     1816.00 \           0 
  909 \     1818.00 \           0 
  910 \     1820.00 \           0 
  911 \     1822.00 \           0 
  912 \     1824.00 \           0 
  913 \     1826.00 \           0 
  914 \     1828.00 \           0 
  915 \     1830.00 \           0 
  916 \     1832.00 \           0 
  917 \     1834.00 \           0 
  918 \     1836.00 \           0 
  919 \     1838.00 \           0 
  920 \     1840.00 \           0 
  921 \     1842.00 \           1 
  922 \     1844.00 \           0 
  923 \     1846.00 \           1 
  924 \     1848.00 \           1 
  925 \     1850.00 \           0 
  926 \     1852.00 \           1 
  927 \     1854.00 \           1 
  928 \     1856.00 \           0 
  929 \     1858.00 \           0 
  930 \     1860.00 \           0 
  931 \     1862.00 \           0 
  932 \     1864.00 \           1 
  933 \     1866.00 \           0 
  934 \     1868.00 \           0 
  935 \     1870.00 \           0 
  936 \     1872.00 \           1 
  937 \     1874.00 \           0 
  938 \     1876.00 \           0 
  939 \     1878.00 \           0 
  940 \     1880.00 \           0 
  941 \     1882.00 \           1 
  942 \     1884.00 \           0 
  943 \     1886.00 \           0 
  944 \     1888.00 \           0 
  945 \     1890.00 \           3 
  946 \     1892.00 \           0 
  947 \     1894.00 \           0 
  948 \     1896.00 \           1 
  949 \     1898.00 \           0 
  950 \     1900.00 \           0 
  951 \     1902.00 \           0 
  952 \     1904.00 \           0 
  953 \     1906.00 \           0 
  954 \     1908.00 \           0 
  955 \     1910.00 \           0 
  956 \     1912.00 \           0 
  957 \     1914.00 \           0 
  958 \     1916.00 \           0 
  959 \     1918.00 \           0 
  960 \     1920.00 \           0 
  961 \     1922.00 \           0 
  962 \     1924.00 \           0 
  963 \     1926.00 \           0 
  964 \     1928.00 \           0 
  965 \     1930.00 \           1 
  966 \     1932.00 \           0 
  967 \     1934.00 \           0 
  968 \     1936.00 \           0 
  969 \     1938.00 \           0 
  970 \     1940.00 \           0 
  971 \     1942.00 \           0 
  972 \     1944.00 \           0 
  973 \     1946.00 \           0 
  974 \     1948.00 \           0 
  975 \     1950.00 \           1 
  976 \     1952.00 \           0 
  977 \     1954.00 \           1 
  978 \     1956.00 \           0 
  979 \     1958.00 \           0 
  980 \     1960.00 \           0 
  981 \     1962.00 \           0 
  982 \     1964.00 \           0 
  983 \     1966.00 \           0 
  984 \     1968.00 \           0 
  985 \     1970.00 \           3 
  986 \     1972.00 \           2 
  987 \     1974.00 \           2 
  988 \     1976.00 \           2 
  989 \     1978.00 \           1 
  990 \     1980.00 \           0 
  991 \     1982.00 \           0 
  992 \     1984.00 \           0 
  993 \     1986.00 \           0 
  994 \     1988.00 \           0 
  995 \     1990.00 \           0 
  996 \     1992.00 \           0 
  997 \     1994.00 \           0 
  998 \     1996.00 \           0 
  999 \     1998.00 \           0 
 1000 \     2000.00 \           1 
 1001 \     2002.00 \           0 
 1002 \     2004.00 \           0 
 1003 \     2006.00 \           0 
 1004 \     2008.00 \           1 
 1005 \     2010.00 \           0 
 1006 \     2012.00 \           0 
 1007 \     2014.00 \           0 
 1008 \     2016.00 \           0 
 1009 \     2018.00 \           1 
 1010 \     2020.00 \           0 
 1011 \     2022.00 \           0 
 1012 \     2024.00 \           0 
 1013 \     2026.00 \           0 
 1014 \     2028.00 \           0 
 1015 \     2030.00 \           0 
 1016 \     2032.00 \           0 
 1017 \     2034.00 \           0 
 1018 \     2036.00 \           0 
 1019 \     2038.00 \           0 
 1020 \     2040.00 \           1 
 1021 \     2042.00 \           0 
 1022 \     2044.00 \           0 
 1023 \     2046.00 \           0 
 1024 \     2048.00 \           0 
