         *****         Proben-ID:                          *****

                 Live time:     72000
                 Real Time:     72031
     0.00000
     2.00000
     0.00000
     0.00000
     0.00000
     0.00000
    1 \        2.00 \           0 
    2 \        4.00 \           0 
    3 \        6.00 \           0 
    4 \        8.00 \           0 
    5 \       10.00 \           0 
    6 \       12.00 \        3869 
    7 \       14.00 \       12569 
    8 \       16.00 \          77 
    9 \       18.00 \           0 
   10 \       20.00 \           2 
   11 \       22.00 \         490 
   12 \       24.00 \        7045 
   13 \       26.00 \        8802 
   14 \       28.00 \        8413 
   15 \       30.00 \        8304 
   16 \       32.00 \        7968 
   17 \       34.00 \        7837 
   18 \       36.00 \        7564 
   19 \       38.00 \        7351 
   20 \       40.00 \        7270 
   21 \       42.00 \        7208 
   22 \       44.00 \        7197 
   23 \       46.00 \        7087 
   24 \       48.00 \        6925 
   25 \       50.00 \        6930 
   26 \       52.00 \        6661 
   27 \       54.00 \        6600 
   28 \       56.00 \        6682 
   29 \       58.00 \        6556 
   30 \       60.00 \        6527 
   31 \       62.00 \        6423 
   32 \       64.00 \        6357 
   33 \       66.00 \        6316 
   34 \       68.00 \        6284 
   35 \       70.00 \        6352 
   36 \       72.00 \        6422 
   37 \       74.00 \        6392 
   38 \       76.00 \        6258 
   39 \       78.00 \        6245 
   40 \       80.00 \        6492 
   41 \       82.00 \        6381 
   42 \       84.00 \        6295 
   43 \       86.00 \        6268 
   44 \       88.00 \        6409 
   45 \       90.00 \        6340 
   46 \       92.00 \        6419 
   47 \       94.00 \        6420 
   48 \       96.00 \        6516 
   49 \       98.00 \        6695 
   50 \      100.00 \        7058 
   51 \      102.00 \        7410 
   52 \      104.00 \        7077 
   53 \      106.00 \        7125 
   54 \      108.00 \        6600 
   55 \      110.00 \        6664 
   56 \      112.00 \        6612 
   57 \      114.00 \        6942 
   58 \      116.00 \        7292 
   59 \      118.00 \        7211 
   60 \      120.00 \        7365 
   61 \      122.00 \        7151 
   62 \      124.00 \        7432 
   63 \      126.00 \        7676 
   64 \      128.00 \        7444 
   65 \      130.00 \        7751 
   66 \      132.00 \        7753 
   67 \      134.00 \        7954 
   68 \      136.00 \        7912 
   69 \      138.00 \        7890 
   70 \      140.00 \        8152 
   71 \      142.00 \        8195 
   72 \      144.00 \        8307 
   73 \      146.00 \        8419 
   74 \      148.00 \        8768 
   75 \      150.00 \        8697 
   76 \      152.00 \        8598 
   77 \      154.00 \        8922 
   78 \      156.00 \        9015 
   79 \      158.00 \        9090 
   80 \      160.00 \        9084 
   81 \      162.00 \        9349 
   82 \      164.00 \        9245 
   83 \      166.00 \        9309 
   84 \      168.00 \        9548 
   85 \      170.00 \        9303 
   86 \      172.00 \        9646 
   87 \      174.00 \        9453 
   88 \      176.00 \        9546 
   89 \      178.00 \        9577 
   90 \      180.00 \        9523 
   91 \      182.00 \        9756 
   92 \      184.00 \        9624 
   93 \      186.00 \        9839 
   94 \      188.00 \        9602 
   95 \      190.00 \        9706 
   96 \      192.00 \        9652 
   97 \      194.00 \        9655 
   98 \      196.00 \        9721 
   99 \      198.00 \        9693 
  100 \      200.00 \        9520 
  101 \      202.00 \        9437 
  102 \      204.00 \        9476 
  103 \      206.00 \        9562 
  104 \      208.00 \        9344 
  105 \      210.00 \        9568 
  106 \      212.00 \        9239 
  107 \      214.00 \        9238 
  108 \      216.00 \        9093 
  109 \      218.00 \        9239 
  110 \      220.00 \        9031 
  111 \      222.00 \        8845 
  112 \      224.00 \        8978 
  113 \      226.00 \        8833 
  114 \      228.00 \        8709 
  115 \      230.00 \        8686 
  116 \      232.00 \        8582 
  117 \      234.00 \        8622 
  118 \      236.00 \        8496 
  119 \      238.00 \        8450 
  120 \      240.00 \        8336 
  121 \      242.00 \        8233 
  122 \      244.00 \        8199 
  123 \      246.00 \        8062 
  124 \      248.00 \        7926 
  125 \      250.00 \        8182 
  126 \      252.00 \        8265 
  127 \      254.00 \        8115 
  128 \      256.00 \        7630 
  129 \      258.00 \        7677 
  130 \      260.00 \        7612 
  131 \      262.00 \        7645 
  132 \      264.00 \        7585 
  133 \      266.00 \        7299 
  134 \      268.00 \        7191 
  135 \      270.00 \        7074 
  136 \      272.00 \        7026 
  137 \      274.00 \        6850 
  138 \      276.00 \        7029 
  139 \      278.00 \        6819 
  140 \      280.00 \        6913 
  141 \      282.00 \        6778 
  142 \      284.00 \        6725 
  143 \      286.00 \        6674 
  144 \      288.00 \        6508 
  145 \      290.00 \        6389 
  146 \      292.00 \        6277 
  147 \      294.00 \        6385 
  148 \      296.00 \        6230 
  149 \      298.00 \        6194 
  150 \      300.00 \        6121 
  151 \      302.00 \        5972 
  152 \      304.00 \        6057 
  153 \      306.00 \        5838 
  154 \      308.00 \        5870 
  155 \      310.00 \        5724 
  156 \      312.00 \        5740 
  157 \      314.00 \        5743 
  158 \      316.00 \        5598 
  159 \      318.00 \        5552 
  160 \      320.00 \        5368 
  161 \      322.00 \        5802 
  162 \      324.00 \        6223 
  163 \      326.00 \        5389 
  164 \      328.00 \        5184 
  165 \      330.00 \        5138 
  166 \      332.00 \        4981 
  167 \      334.00 \        4877 
  168 \      336.00 \        4945 
  169 \      338.00 \        4808 
  170 \      340.00 \        4820 
  171 \      342.00 \        4549 
  172 \      344.00 \        4532 
  173 \      346.00 \        4438 
  174 \      348.00 \        4465 
  175 \      350.00 \        4524 
  176 \      352.00 \        4313 
  177 \      354.00 \        4495 
  178 \      356.00 \        4234 
  179 \      358.00 \        4162 
  180 \      360.00 \        4182 
  181 \      362.00 \        4155 
  182 \      364.00 \        4020 
  183 \      366.00 \        4058 
  184 \      368.00 \        4093 
  185 \      370.00 \        3822 
  186 \      372.00 \        3903 
  187 \      374.00 \        3892 
  188 \      376.00 \        3907 
  189 \      378.00 \        3798 
  190 \      380.00 \        3633 
  191 \      382.00 \        3664 
  192 \      384.00 \        3655 
  193 \      386.00 \        3604 
  194 \      388.00 \        3534 
  195 \      390.00 \        3574 
  196 \      392.00 \        3539 
  197 \      394.00 \        3419 
  198 \      396.00 \        3430 
  199 \      398.00 \        3519 
  200 \      400.00 \        3895 
  201 \      402.00 \        3533 
  202 \      404.00 \        3282 
  203 \      406.00 \        3388 
  204 \      408.00 \        3342 
  205 \      410.00 \        3127 
  206 \      412.00 \        3113 
  207 \      414.00 \        3153 
  208 \      416.00 \        3030 
  209 \      418.00 \        3190 
  210 \      420.00 \        3067 
  211 \      422.00 \        2994 
  212 \      424.00 \        3056 
  213 \      426.00 \        3008 
  214 \      428.00 \        3029 
  215 \      430.00 \        2909 
  216 \      432.00 \        2890 
  217 \      434.00 \        2938 
  218 \      436.00 \        2867 
  219 \      438.00 \        2801 
  220 \      440.00 \        2871 
  221 \      442.00 \        2806 
  222 \      444.00 \        2795 
  223 \      446.00 \        2802 
  224 \      448.00 \        2659 
  225 \      450.00 \        2743 
  226 \      452.00 \        2621 
  227 \      454.00 \        2617 
  228 \      456.00 \        2780 
  229 \      458.00 \        2900 
  230 \      460.00 \        2620 
  231 \      462.00 \        2478 
  232 \      464.00 \        2493 
  233 \      466.00 \        2416 
  234 \      468.00 \        2404 
  235 \      470.00 \        2475 
  236 \      472.00 \        2502 
  237 \      474.00 \        2573 
  238 \      476.00 \        3126 
  239 \      478.00 \        2861 
  240 \      480.00 \        2309 
  241 \      482.00 \        2269 
  242 \      484.00 \        2239 
  243 \      486.00 \        2153 
  244 \      488.00 \        2252 
  245 \      490.00 \        2218 
  246 \      492.00 \        2213 
  247 \      494.00 \        2161 
  248 \      496.00 \        2172 
  249 \      498.00 \        2104 
  250 \      500.00 \        2101 
  251 \      502.00 \        2132 
  252 \      504.00 \        2068 
  253 \      506.00 \        2138 
  254 \      508.00 \        2066 
  255 \      510.00 \        2096 
  256 \      512.00 \        2040 
  257 \      514.00 \        2118 
  258 \      516.00 \        2038 
  259 \      518.00 \        1951 
  260 \      520.00 \        1940 
  261 \      522.00 \        1963 
  262 \      524.00 \        1834 
  263 \      526.00 \        1893 
  264 \      528.00 \        1868 
  265 \      530.00 \        1935 
  266 \      532.00 \        1887 
  267 \      534.00 \        1867 
  268 \      536.00 \        1798 
  269 \      538.00 \        1854 
  270 \      540.00 \        1827 
  271 \      542.00 \        1829 
  272 \      544.00 \        1786 
  273 \      546.00 \        1773 
  274 \      548.00 \        1851 
  275 \      550.00 \        1777 
  276 \      552.00 \        1791 
  277 \      554.00 \        1825 
  278 \      556.00 \        1791 
  279 \      558.00 \        1781 
  280 \      560.00 \        1755 
  281 \      562.00 \        1721 
  282 \      564.00 \        1633 
  283 \      566.00 \        1637 
  284 \      568.00 \        1605 
  285 \      570.00 \        1706 
  286 \      572.00 \        1730 
  287 \      574.00 \        1672 
  288 \      576.00 \        1552 
  289 \      578.00 \        1571 
  290 \      580.00 \        1600 
  291 \      582.00 \        1573 
  292 \      584.00 \        1630 
  293 \      586.00 \        1493 
  294 \      588.00 \        1506 
  295 \      590.00 \        1603 
  296 \      592.00 \        1584 
  297 \      594.00 \        1696 
  298 \      596.00 \        1473 
  299 \      598.00 \        1521 
  300 \      600.00 \        1453 
  301 \      602.00 \        1462 
  302 \      604.00 \        1464 
  303 \      606.00 \        1453 
  304 \      608.00 \        1546 
  305 \      610.00 \        1462 
  306 \      612.00 \        1479 
  307 \      614.00 \        1477 
  308 \      616.00 \        1509 
  309 \      618.00 \        1458 
  310 \      620.00 \        1430 
  311 \      622.00 \        1374 
  312 \      624.00 \        1390 
  313 \      626.00 \        1442 
  314 \      628.00 \        1452 
  315 \      630.00 \        1405 
  316 \      632.00 \        1339 
  317 \      634.00 \        1320 
  318 \      636.00 \        1377 
  319 \      638.00 \        1348 
  320 \      640.00 \        1341 
  321 \      642.00 \        1363 
  322 \      644.00 \        1273 
  323 \      646.00 \        1311 
  324 \      648.00 \        1347 
  325 \      650.00 \        1242 
  326 \      652.00 \        1304 
  327 \      654.00 \        1423 
  328 \      656.00 \        1275 
  329 \      658.00 \        1356 
  330 \      660.00 \        1316 
  331 \      662.00 \        1265 
  332 \      664.00 \        1255 
  333 \      666.00 \        1252 
  334 \      668.00 \        1260 
  335 \      670.00 \        1181 
  336 \      672.00 \        1220 
  337 \      674.00 \        1263 
  338 \      676.00 \        1219 
  339 \      678.00 \        1197 
  340 \      680.00 \        1215 
  341 \      682.00 \        1170 
  342 \      684.00 \        1221 
  343 \      686.00 \        1232 
  344 \      688.00 \        1546 
  345 \      690.00 \        1981 
  346 \      692.00 \        1917 
  347 \      694.00 \        1520 
  348 \      696.00 \        1210 
  349 \      698.00 \        1040 
  350 \      700.00 \        1142 
  351 \      702.00 \        1069 
  352 \      704.00 \        1103 
  353 \      706.00 \        1144 
  354 \      708.00 \        1117 
  355 \      710.00 \        1035 
  356 \      712.00 \        1069 
  357 \      714.00 \        1069 
  358 \      716.00 \        1083 
  359 \      718.00 \        1054 
  360 \      720.00 \        1082 
  361 \      722.00 \        1105 
  362 \      724.00 \        1027 
  363 \      726.00 \        1053 
  364 \      728.00 \        1007 
  365 \      730.00 \        1024 
  366 \      732.00 \         979 
  367 \      734.00 \        1046 
  368 \      736.00 \        1083 
  369 \      738.00 \         991 
  370 \      740.00 \        1010 
  371 \      742.00 \        1023 
  372 \      744.00 \        1022 
  373 \      746.00 \         971 
  374 \      748.00 \        1014 
  375 \      750.00 \        1003 
  376 \      752.00 \        1012 
  377 \      754.00 \        1019 
  378 \      756.00 \         983 
  379 \      758.00 \        1031 
  380 \      760.00 \        1032 
  381 \      762.00 \         973 
  382 \      764.00 \         963 
  383 \      766.00 \         992 
  384 \      768.00 \         932 
  385 \      770.00 \         943 
  386 \      772.00 \        1009 
  387 \      774.00 \         937 
  388 \      776.00 \         941 
  389 \      778.00 \         900 
  390 \      780.00 \         963 
  391 \      782.00 \         998 
  392 \      784.00 \        1005 
  393 \      786.00 \        1263 
  394 \      788.00 \        1546 
  395 \      790.00 \        1356 
  396 \      792.00 \         985 
  397 \      794.00 \         877 
  398 \      796.00 \         852 
  399 \      798.00 \         888 
  400 \      800.00 \         886 
  401 \      802.00 \         822 
  402 \      804.00 \         858 
  403 \      806.00 \         925 
  404 \      808.00 \         831 
  405 \      810.00 \         844 
  406 \      812.00 \         865 
  407 \      814.00 \         875 
  408 \      816.00 \         913 
  409 \      818.00 \         869 
  410 \      820.00 \        1052 
  411 \      822.00 \        1436 
  412 \      824.00 \        1632 
  413 \      826.00 \        1232 
  414 \      828.00 \         828 
  415 \      830.00 \         833 
  416 \      832.00 \         794 
  417 \      834.00 \         821 
  418 \      836.00 \         792 
  419 \      838.00 \         813 
  420 \      840.00 \         760 
  421 \      842.00 \         781 
  422 \      844.00 \         737 
  423 \      846.00 \         792 
  424 \      848.00 \         759 
  425 \      850.00 \         804 
  426 \      852.00 \         799 
  427 \      854.00 \         824 
  428 \      856.00 \         755 
  429 \      858.00 \         718 
  430 \      860.00 \         765 
  431 \      862.00 \         806 
  432 \      864.00 \         741 
  433 \      866.00 \         737 
  434 \      868.00 \         753 
  435 \      870.00 \         784 
  436 \      872.00 \         719 
  437 \      874.00 \         745 
  438 \      876.00 \         693 
  439 \      878.00 \         672 
  440 \      880.00 \         746 
  441 \      882.00 \         720 
  442 \      884.00 \         754 
  443 \      886.00 \         741 
  444 \      888.00 \         738 
  445 \      890.00 \         772 
  446 \      892.00 \         757 
  447 \      894.00 \         772 
  448 \      896.00 \         807 
  449 \      898.00 \         768 
  450 \      900.00 \         698 
  451 \      902.00 \         748 
  452 \      904.00 \         690 
  453 \      906.00 \         670 
  454 \      908.00 \         714 
  455 \      910.00 \         696 
  456 \      912.00 \         711 
  457 \      914.00 \         739 
  458 \      916.00 \         682 
  459 \      918.00 \         659 
  460 \      920.00 \         734 
  461 \      922.00 \         701 
  462 \      924.00 \         689 
  463 \      926.00 \         724 
  464 \      928.00 \         666 
  465 \      930.00 \         673 
  466 \      932.00 \         707 
  467 \      934.00 \         663 
  468 \      936.00 \         627 
  469 \      938.00 \         676 
  470 \      940.00 \         663 
  471 \      942.00 \         695 
  472 \      944.00 \         653 
  473 \      946.00 \         675 
  474 \      948.00 \         675 
  475 \      950.00 \         695 
  476 \      952.00 \         664 
  477 \      954.00 \         651 
  478 \      956.00 \         645 
  479 \      958.00 \         640 
  480 \      960.00 \         667 
  481 \      962.00 \         632 
  482 \      964.00 \         582 
  483 \      966.00 \         631 
  484 \      968.00 \         669 
  485 \      970.00 \         674 
  486 \      972.00 \         665 
  487 \      974.00 \         665 
  488 \      976.00 \         633 
  489 \      978.00 \         660 
  490 \      980.00 \         705 
  491 \      982.00 \         711 
  492 \      984.00 \         735 
  493 \      986.00 \         643 
  494 \      988.00 \         616 
  495 \      990.00 \         611 
  496 \      992.00 \         580 
  497 \      994.00 \         595 
  498 \      996.00 \         591 
  499 \      998.00 \         569 
  500 \     1000.00 \         601 
  501 \     1002.00 \         627 
  502 \     1004.00 \         612 
  503 \     1006.00 \         549 
  504 \     1008.00 \         601 
  505 \     1010.00 \         585 
  506 \     1012.00 \         588 
  507 \     1014.00 \         604 
  508 \     1016.00 \         615 
  509 \     1018.00 \         574 
  510 \     1020.00 \         584 
  511 \     1022.00 \         570 
  512 \     1024.00 \         604 
  513 \     1026.00 \         592 
  514 \     1028.00 \         573 
  515 \     1030.00 \         573 
  516 \     1032.00 \         562 
  517 \     1034.00 \         624 
  518 \     1036.00 \         661 
  519 \     1038.00 \         647 
  520 \     1040.00 \         622 
  521 \     1042.00 \         575 
  522 \     1044.00 \         569 
  523 \     1046.00 \         523 
  524 \     1048.00 \         569 
  525 \     1050.00 \         525 
  526 \     1052.00 \         523 
  527 \     1054.00 \         560 
  528 \     1056.00 \         625 
  529 \     1058.00 \         557 
  530 \     1060.00 \         613 
  531 \     1062.00 \         580 
  532 \     1064.00 \         523 
  533 \     1066.00 \         545 
  534 \     1068.00 \         570 
  535 \     1070.00 \         538 
  536 \     1072.00 \         592 
  537 \     1074.00 \         574 
  538 \     1076.00 \         553 
  539 \     1078.00 \         561 
  540 \     1080.00 \         525 
  541 \     1082.00 \         497 
  542 \     1084.00 \         495 
  543 \     1086.00 \         546 
  544 \     1088.00 \         530 
  545 \     1090.00 \         508 
  546 \     1092.00 \         491 
  547 \     1094.00 \         501 
  548 \     1096.00 \         500 
  549 \     1098.00 \         479 
  550 \     1100.00 \         479 
  551 \     1102.00 \         498 
  552 \     1104.00 \         527 
  553 \     1106.00 \         500 
  554 \     1108.00 \         515 
  555 \     1110.00 \         492 
  556 \     1112.00 \         501 
  557 \     1114.00 \         498 
  558 \     1116.00 \         493 
  559 \     1118.00 \         459 
  560 \     1120.00 \         487 
  561 \     1122.00 \         492 
  562 \     1124.00 \         479 
  563 \     1126.00 \         502 
  564 \     1128.00 \         495 
  565 \     1130.00 \         501 
  566 \     1132.00 \         483 
  567 \     1134.00 \         480 
  568 \     1136.00 \         460 
  569 \     1138.00 \         467 
  570 \     1140.00 \         474 
  571 \     1142.00 \         459 
  572 \     1144.00 \         510 
  573 \     1146.00 \         469 
  574 \     1148.00 \         471 
  575 \     1150.00 \         498 
  576 \     1152.00 \         460 
  577 \     1154.00 \         487 
  578 \     1156.00 \         441 
  579 \     1158.00 \         474 
  580 \     1160.00 \         520 
  581 \     1162.00 \         518 
  582 \     1164.00 \         523 
  583 \     1166.00 \         479 
  584 \     1168.00 \         441 
  585 \     1170.00 \         426 
  586 \     1172.00 \         441 
  587 \     1174.00 \         454 
  588 \     1176.00 \         479 
  589 \     1178.00 \         425 
  590 \     1180.00 \         436 
  591 \     1182.00 \         459 
  592 \     1184.00 \         445 
  593 \     1186.00 \         464 
  594 \     1188.00 \         430 
  595 \     1190.00 \         445 
  596 \     1192.00 \         430 
  597 \     1194.00 \         478 
  598 \     1196.00 \         452 
  599 \     1198.00 \         424 
  600 \     1200.00 \         440 
  601 \     1202.00 \         432 
  602 \     1204.00 \         442 
  603 \     1206.00 \         433 
  604 \     1208.00 \         401 
  605 \     1210.00 \         443 
  606 \     1212.00 \         435 
  607 \     1214.00 \         460 
  608 \     1216.00 \         465 
  609 \     1218.00 \         443 
  610 \     1220.00 \         474 
  611 \     1222.00 \         481 
  612 \     1224.00 \         433 
  613 \     1226.00 \         503 
  614 \     1228.00 \         658 
  615 \     1230.00 \         765 
  616 \     1232.00 \         749 
  617 \     1234.00 \         588 
  618 \     1236.00 \         400 
  619 \     1238.00 \         410 
  620 \     1240.00 \         381 
  621 \     1242.00 \         411 
  622 \     1244.00 \         399 
  623 \     1246.00 \         381 
  624 \     1248.00 \         380 
  625 \     1250.00 \         408 
  626 \     1252.00 \         390 
  627 \     1254.00 \         374 
  628 \     1256.00 \         424 
  629 \     1258.00 \         428 
  630 \     1260.00 \         469 
  631 \     1262.00 \         493 
  632 \     1264.00 \         430 
  633 \     1266.00 \         384 
  634 \     1268.00 \         378 
  635 \     1270.00 \         435 
  636 \     1272.00 \         397 
  637 \     1274.00 \         386 
  638 \     1276.00 \         394 
  639 \     1278.00 \         387 
  640 \     1280.00 \         372 
  641 \     1282.00 \         371 
  642 \     1284.00 \         393 
  643 \     1286.00 \         401 
  644 \     1288.00 \         345 
  645 \     1290.00 \         381 
  646 \     1292.00 \         408 
  647 \     1294.00 \         339 
  648 \     1296.00 \         381 
  649 \     1298.00 \         403 
  650 \     1300.00 \         509 
  651 \     1302.00 \         488 
  652 \     1304.00 \         540 
  653 \     1306.00 \         567 
  654 \     1308.00 \         574 
  655 \     1310.00 \         551 
  656 \     1312.00 \         453 
  657 \     1314.00 \         390 
  658 \     1316.00 \         360 
  659 \     1318.00 \         386 
  660 \     1320.00 \         366 
  661 \     1322.00 \         368 
  662 \     1324.00 \         374 
  663 \     1326.00 \         336 
  664 \     1328.00 \         385 
  665 \     1330.00 \         346 
  666 \     1332.00 \         382 
  667 \     1334.00 \         357 
  668 \     1336.00 \         355 
  669 \     1338.00 \         382 
  670 \     1340.00 \         336 
  671 \     1342.00 \         348 
  672 \     1344.00 \         325 
  673 \     1346.00 \         350 
  674 \     1348.00 \         368 
  675 \     1350.00 \         375 
  676 \     1352.00 \         370 
  677 \     1354.00 \         359 
  678 \     1356.00 \         364 
  679 \     1358.00 \         327 
  680 \     1360.00 \         340 
  681 \     1362.00 \         343 
  682 \     1364.00 \         335 
  683 \     1366.00 \         329 
  684 \     1368.00 \         352 
  685 \     1370.00 \         350 
  686 \     1372.00 \         350 
  687 \     1374.00 \         365 
  688 \     1376.00 \         325 
  689 \     1378.00 \         315 
  690 \     1380.00 \         335 
  691 \     1382.00 \         355 
  692 \     1384.00 \         341 
  693 \     1386.00 \         355 
  694 \     1388.00 \         338 
  695 \     1390.00 \         341 
  696 \     1392.00 \         335 
  697 \     1394.00 \         335 
  698 \     1396.00 \         316 
  699 \     1398.00 \         343 
  700 \     1400.00 \         329 
  701 \     1402.00 \         346 
  702 \     1404.00 \         371 
  703 \     1406.00 \         349 
  704 \     1408.00 \         327 
  705 \     1410.00 \         340 
  706 \     1412.00 \         317 
  707 \     1414.00 \         325 
  708 \     1416.00 \         322 
  709 \     1418.00 \         334 
  710 \     1420.00 \         337 
  711 \     1422.00 \         357 
  712 \     1424.00 \         326 
  713 \     1426.00 \         349 
  714 \     1428.00 \         306 
  715 \     1430.00 \         319 
  716 \     1432.00 \         328 
  717 \     1434.00 \         335 
  718 \     1436.00 \         327 
  719 \     1438.00 \         312 
  720 \     1440.00 \         332 
  721 \     1442.00 \         321 
  722 \     1444.00 \         335 
  723 \     1446.00 \         333 
  724 \     1448.00 \         314 
  725 \     1450.00 \         336 
  726 \     1452.00 \         342 
  727 \     1454.00 \         333 
  728 \     1456.00 \         328 
  729 \     1458.00 \         344 
  730 \     1460.00 \         331 
  731 \     1462.00 \         301 
  732 \     1464.00 \         289 
  733 \     1466.00 \         327 
  734 \     1468.00 \         363 
  735 \     1470.00 \         317 
  736 \     1472.00 \         296 
  737 \     1474.00 \         313 
  738 \     1476.00 \         359 
  739 \     1478.00 \         323 
  740 \     1480.00 \         334 
  741 \     1482.00 \         349 
  742 \     1484.00 \         330 
  743 \     1486.00 \         292 
  744 \     1488.00 \         314 
  745 \     1490.00 \         320 
  746 \     1492.00 \         313 
  747 \     1494.00 \         294 
  748 \     1496.00 \         342 
  749 \     1498.00 \         321 
  750 \     1500.00 \         331 
  751 \     1502.00 \         288 
  752 \     1504.00 \         311 
  753 \     1506.00 \         356 
  754 \     1508.00 \         391 
  755 \     1510.00 \         464 
  756 \     1512.00 \         485 
  757 \     1514.00 \         460 
  758 \     1516.00 \         475 
  759 \     1518.00 \         335 
  760 \     1520.00 \         323 
  761 \     1522.00 \         341 
  762 \     1524.00 \         326 
  763 \     1526.00 \         312 
  764 \     1528.00 \         334 
  765 \     1530.00 \         305 
  766 \     1532.00 \         298 
  767 \     1534.00 \         312 
  768 \     1536.00 \         306 
  769 \     1538.00 \         299 
  770 \     1540.00 \         294 
  771 \     1542.00 \         297 
  772 \     1544.00 \         297 
  773 \     1546.00 \         298 
  774 \     1548.00 \         297 
  775 \     1550.00 \         325 
  776 \     1552.00 \         265 
  777 \     1554.00 \         331 
  778 \     1556.00 \         293 
  779 \     1558.00 \         312 
  780 \     1560.00 \         346 
  781 \     1562.00 \         288 
  782 \     1564.00 \         326 
  783 \     1566.00 \         312 
  784 \     1568.00 \         295 
  785 \     1570.00 \         289 
  786 \     1572.00 \         280 
  787 \     1574.00 \         290 
  788 \     1576.00 \         297 
  789 \     1578.00 \         323 
  790 \     1580.00 \         338 
  791 \     1582.00 \         401 
  792 \     1584.00 \         398 
  793 \     1586.00 \         382 
  794 \     1588.00 \         351 
  795 \     1590.00 \         321 
  796 \     1592.00 \         293 
  797 \     1594.00 \         328 
  798 \     1596.00 \         304 
  799 \     1598.00 \         317 
  800 \     1600.00 \         291 
  801 \     1602.00 \         320 
  802 \     1604.00 \         271 
  803 \     1606.00 \         296 
  804 \     1608.00 \         284 
  805 \     1610.00 \         260 
  806 \     1612.00 \         293 
  807 \     1614.00 \         272 
  808 \     1616.00 \         284 
  809 \     1618.00 \         326 
  810 \     1620.00 \         298 
  811 \     1622.00 \         317 
  812 \     1624.00 \         281 
  813 \     1626.00 \         319 
  814 \     1628.00 \         292 
  815 \     1630.00 \         328 
  816 \     1632.00 \         304 
  817 \     1634.00 \         287 
  818 \     1636.00 \         283 
  819 \     1638.00 \         311 
  820 \     1640.00 \         310 
  821 \     1642.00 \         307 
  822 \     1644.00 \         280 
  823 \     1646.00 \         293 
  824 \     1648.00 \         296 
  825 \     1650.00 \         329 
  826 \     1652.00 \         304 
  827 \     1654.00 \         312 
  828 \     1656.00 \         300 
  829 \     1658.00 \         307 
  830 \     1660.00 \         302 
  831 \     1662.00 \         293 
  832 \     1664.00 \         280 
  833 \     1666.00 \         324 
  834 \     1668.00 \         333 
  835 \     1670.00 \         308 
  836 \     1672.00 \         351 
  837 \     1674.00 \         331 
  838 \     1676.00 \         293 
  839 \     1678.00 \         261 
  840 \     1680.00 \         262 
  841 \     1682.00 \         261 
  842 \     1684.00 \         243 
  843 \     1686.00 \         233 
  844 \     1688.00 \         230 
  845 \     1690.00 \         214 
  846 \     1692.00 \         205 
  847 \     1694.00 \         228 
  848 \     1696.00 \         216 
  849 \     1698.00 \         229 
  850 \     1700.00 \         209 
  851 \     1702.00 \         224 
  852 \     1704.00 \         225 
  853 \     1706.00 \         217 
  854 \     1708.00 \         233 
  855 \     1710.00 \         217 
  856 \     1712.00 \         219 
  857 \     1714.00 \         229 
  858 \     1716.00 \         213 
  859 \     1718.00 \         197 
  860 \     1720.00 \         218 
  861 \     1722.00 \         203 
  862 \     1724.00 \         189 
  863 \     1726.00 \         228 
  864 \     1728.00 \         209 
  865 \     1730.00 \         207 
  866 \     1732.00 \         220 
  867 \     1734.00 \         216 
  868 \     1736.00 \         187 
  869 \     1738.00 \         197 
  870 \     1740.00 \         222 
  871 \     1742.00 \         167 
  872 \     1744.00 \         198 
  873 \     1746.00 \         213 
  874 \     1748.00 \         210 
  875 \     1750.00 \         192 
  876 \     1752.00 \         197 
  877 \     1754.00 \         211 
  878 \     1756.00 \         158 
  879 \     1758.00 \         165 
  880 \     1760.00 \         186 
  881 \     1762.00 \         159 
  882 \     1764.00 \         177 
  883 \     1766.00 \         194 
  884 \     1768.00 \         174 
  885 \     1770.00 \         187 
  886 \     1772.00 \         187 
  887 \     1774.00 \         176 
  888 \     1776.00 \         189 
  889 \     1778.00 \         178 
  890 \     1780.00 \         172 
  891 \     1782.00 \         154 
  892 \     1784.00 \         175 
  893 \     1786.00 \         176 
  894 \     1788.00 \         170 
  895 \     1790.00 \         192 
  896 \     1792.00 \         215 
  897 \     1794.00 \         240 
  898 \     1796.00 \         274 
  899 \     1798.00 \         240 
  900 \     1800.00 \         252 
  901 \     1802.00 \         252 
  902 \     1804.00 \         186 
  903 \     1806.00 \         129 
  904 \     1808.00 \         144 
  905 \     1810.00 \         153 
  906 \     1812.00 \         118 
  907 \     1814.00 \         144 
  908 \     1816.00 \         144 
  909 \     1818.00 \         131 
  910 \     1820.00 \         138 
  911 \     1822.00 \         138 
  912 \     1824.00 \         158 
  913 \     1826.00 \         151 
  914 \     1828.00 \         145 
  915 \     1830.00 \         124 
  916 \     1832.00 \         125 
  917 \     1834.00 \         161 
  918 \     1836.00 \         147 
  919 \     1838.00 \         150 
  920 \     1840.00 \         139 
  921 \     1842.00 \         132 
  922 \     1844.00 \         129 
  923 \     1846.00 \         144 
  924 \     1848.00 \         128 
  925 \     1850.00 \         120 
  926 \     1852.00 \         142 
  927 \     1854.00 \         167 
  928 \     1856.00 \         167 
  929 \     1858.00 \         208 
  930 \     1860.00 \         172 
  931 \     1862.00 \         174 
  932 \     1864.00 \         158 
  933 \     1866.00 \         157 
  934 \     1868.00 \         135 
  935 \     1870.00 \         114 
  936 \     1872.00 \         136 
  937 \     1874.00 \         102 
  938 \     1876.00 \         142 
  939 \     1878.00 \         145 
  940 \     1880.00 \         120 
  941 \     1882.00 \         121 
  942 \     1884.00 \         122 
  943 \     1886.00 \         130 
  944 \     1888.00 \         127 
  945 \     1890.00 \         136 
  946 \     1892.00 \         138 
  947 \     1894.00 \         128 
  948 \     1896.00 \         163 
  949 \     1898.00 \         162 
  950 \     1900.00 \         154 
  951 \     1902.00 \         150 
  952 \     1904.00 \         141 
  953 \     1906.00 \         124 
  954 \     1908.00 \         117 
  955 \     1910.00 \         121 
  956 \     1912.00 \         117 
  957 \     1914.00 \         122 
  958 \     1916.00 \         104 
  959 \     1918.00 \         112 
  960 \     1920.00 \         110 
  961 \     1922.00 \         130 
  962 \     1924.00 \         114 
  963 \     1926.00 \         118 
  964 \     1928.00 \          96 
  965 \     1930.00 \         112 
  966 \     1932.00 \         104 
  967 \     1934.00 \         122 
  968 \     1936.00 \         100 
  969 \     1938.00 \         115 
  970 \     1940.00 \         128 
  971 \     1942.00 \         102 
  972 \     1944.00 \         113 
  973 \     1946.00 \         145 
  974 \     1948.00 \         141 
  975 \     1950.00 \         138 
  976 \     1952.00 \         127 
  977 \     1954.00 \         134 
  978 \     1956.00 \         139 
  979 \     1958.00 \         176 
  980 \     1960.00 \         211 
  981 \     1962.00 \         288 
  982 \     1964.00 \         446 
  983 \     1966.00 \         759 
  984 \     1968.00 \        1003 
  985 \     1970.00 \        1328 
  986 \     1972.00 \        1332 
  987 \     1974.00 \        1339 
  988 \     1976.00 \        1140 
  989 \     1978.00 \         438 
  990 \     1980.00 \         109 
  991 \     1982.00 \          80 
  992 \     1984.00 \          83 
  993 \     1986.00 \          98 
  994 \     1988.00 \          87 
  995 \     1990.00 \          84 
  996 \     1992.00 \          96 
  997 \     1994.00 \          89 
  998 \     1996.00 \          92 
  999 \     1998.00 \          90 
 1000 \     2000.00 \          91 
 1001 \     2002.00 \         106 
 1002 \     2004.00 \          89 
 1003 \     2006.00 \          86 
 1004 \     2008.00 \          89 
 1005 \     2010.00 \          91 
 1006 \     2012.00 \          88 
 1007 \     2014.00 \          94 
 1008 \     2016.00 \          86 
 1009 \     2018.00 \          94 
 1010 \     2020.00 \          93 
 1011 \     2022.00 \         101 
 1012 \     2024.00 \          93 
 1013 \     2026.00 \          86 
 1014 \     2028.00 \          92 
 1015 \     2030.00 \         100 
 1016 \     2032.00 \         107 
 1017 \     2034.00 \          99 
 1018 \     2036.00 \         108 
 1019 \     2038.00 \          94 
 1020 \     2040.00 \         105 
 1021 \     2042.00 \          79 
 1022 \     2044.00 \           1 
 1023 \     2046.00 \           0 
 1024 \     2048.00 \           0 
