         *****         Proben-ID:                          *****

                 Live time:      4072
                 Real Time:      4111
     0.00000
     2.00000
     0.00000
     0.00000
     0.00000
     0.00000
    1 \        2.00 \           0 
    2 \        4.00 \           0 
    3 \        6.00 \           0 
    4 \        8.00 \           0 
    5 \       10.00 \           0 
    6 \       12.00 \        5136 
    7 \       14.00 \       16512 
    8 \       16.00 \          81 
    9 \       18.00 \           6 
   10 \       20.00 \           5 
   11 \       22.00 \         887 
   12 \       24.00 \       11857 
   13 \       26.00 \       15172 
   14 \       28.00 \       14327 
   15 \       30.00 \       13524 
   16 \       32.00 \       13173 
   17 \       34.00 \       12785 
   18 \       36.00 \       12355 
   19 \       38.00 \       11855 
   20 \       40.00 \       11876 
   21 \       42.00 \       11461 
   22 \       44.00 \       11356 
   23 \       46.00 \       11214 
   24 \       48.00 \       10971 
   25 \       50.00 \       10863 
   26 \       52.00 \       10562 
   27 \       54.00 \       10390 
   28 \       56.00 \       10348 
   29 \       58.00 \       10273 
   30 \       60.00 \        9985 
   31 \       62.00 \        9860 
   32 \       64.00 \        9688 
   33 \       66.00 \        9575 
   34 \       68.00 \        9465 
   35 \       70.00 \        9620 
   36 \       72.00 \        9538 
   37 \       74.00 \        9338 
   38 \       76.00 \        9034 
   39 \       78.00 \        9144 
   40 \       80.00 \        9173 
   41 \       82.00 \        9240 
   42 \       84.00 \        9148 
   43 \       86.00 \        9420 
   44 \       88.00 \        9371 
   45 \       90.00 \        9268 
   46 \       92.00 \        9387 
   47 \       94.00 \        9315 
   48 \       96.00 \        9278 
   49 \       98.00 \        9788 
   50 \      100.00 \       11373 
   51 \      102.00 \       15340 
   52 \      104.00 \       13496 
   53 \      106.00 \       15153 
   54 \      108.00 \       10557 
   55 \      110.00 \       10487 
   56 \      112.00 \       10292 
   57 \      114.00 \       12039 
   58 \      116.00 \       12523 
   59 \      118.00 \       12852 
   60 \      120.00 \       13224 
   61 \      122.00 \       12329 
   62 \      124.00 \       11799 
   63 \      126.00 \       16967 
   64 \      128.00 \       16034 
   65 \      130.00 \       14907 
   66 \      132.00 \       12071 
   67 \      134.00 \       21244 
   68 \      136.00 \       12683 
   69 \      138.00 \       10957 
   70 \      140.00 \       11220 
   71 \      142.00 \       11262 
   72 \      144.00 \       11440 
   73 \      146.00 \       11439 
   74 \      148.00 \       12093 
   75 \      150.00 \       14471 
   76 \      152.00 \       15572 
   77 \      154.00 \       12886 
   78 \      156.00 \       13665 
   79 \      158.00 \       12234 
   80 \      160.00 \       11727 
   81 \      162.00 \       11789 
   82 \      164.00 \       12048 
   83 \      166.00 \       11945 
   84 \      168.00 \       11943 
   85 \      170.00 \       12155 
   86 \      172.00 \       12246 
   87 \      174.00 \       12527 
   88 \      176.00 \       12597 
   89 \      178.00 \       12632 
   90 \      180.00 \       12593 
   91 \      182.00 \       12459 
   92 \      184.00 \       12595 
   93 \      186.00 \       12707 
   94 \      188.00 \       12922 
   95 \      190.00 \       12846 
   96 \      192.00 \       13176 
   97 \      194.00 \       13566 
   98 \      196.00 \       14235 
   99 \      198.00 \       12759 
  100 \      200.00 \       12787 
  101 \      202.00 \       12965 
  102 \      204.00 \       13037 
  103 \      206.00 \       13087 
  104 \      208.00 \       13228 
  105 \      210.00 \       13496 
  106 \      212.00 \       12895 
  107 \      214.00 \       12720 
  108 \      216.00 \       12533 
  109 \      218.00 \       12336 
  110 \      220.00 \       12412 
  111 \      222.00 \       12813 
  112 \      224.00 \       11998 
  113 \      226.00 \       12153 
  114 \      228.00 \       11777 
  115 \      230.00 \       11840 
  116 \      232.00 \       11801 
  117 \      234.00 \       11845 
  118 \      236.00 \       11578 
  119 \      238.00 \       11432 
  120 \      240.00 \       11560 
  121 \      242.00 \       11345 
  122 \      244.00 \       11408 
  123 \      246.00 \       11240 
  124 \      248.00 \       11332 
  125 \      250.00 \       12590 
  126 \      252.00 \       25019 
  127 \      254.00 \       15997 
  128 \      256.00 \       11018 
  129 \      258.00 \       10617 
  130 \      260.00 \       10662 
  131 \      262.00 \       10495 
  132 \      264.00 \       10358 
  133 \      266.00 \       10600 
  134 \      268.00 \       10255 
  135 \      270.00 \       10039 
  136 \      272.00 \       10061 
  137 \      274.00 \        9885 
  138 \      276.00 \        9574 
  139 \      278.00 \        9900 
  140 \      280.00 \        9397 
  141 \      282.00 \        9153 
  142 \      284.00 \        9024 
  143 \      286.00 \        9085 
  144 \      288.00 \        8819 
  145 \      290.00 \        8578 
  146 \      292.00 \        8735 
  147 \      294.00 \        8699 
  148 \      296.00 \        8500 
  149 \      298.00 \        8306 
  150 \      300.00 \        8342 
  151 \      302.00 \        8393 
  152 \      304.00 \        7973 
  153 \      306.00 \        8079 
  154 \      308.00 \        7830 
  155 \      310.00 \        7882 
  156 \      312.00 \        7724 
  157 \      314.00 \        7800 
  158 \      316.00 \        7564 
  159 \      318.00 \        7956 
  160 \      320.00 \        8710 
  161 \      322.00 \        7556 
  162 \      324.00 \        7496 
  163 \      326.00 \       10367 
  164 \      328.00 \       22094 
  165 \      330.00 \       10279 
  166 \      332.00 \        6891 
  167 \      334.00 \        6770 
  168 \      336.00 \        6477 
  169 \      338.00 \        6565 
  170 \      340.00 \        6468 
  171 \      342.00 \        6441 
  172 \      344.00 \        6514 
  173 \      346.00 \        6629 
  174 \      348.00 \        6802 
  175 \      350.00 \        6962 
  176 \      352.00 \        6673 
  177 \      354.00 \        6056 
  178 \      356.00 \        5909 
  179 \      358.00 \        5926 
  180 \      360.00 \        5880 
  181 \      362.00 \        5870 
  182 \      364.00 \        6563 
  183 \      366.00 \        7209 
  184 \      368.00 \        6549 
  185 \      370.00 \        6068 
  186 \      372.00 \        6255 
  187 \      374.00 \        5790 
  188 \      376.00 \        5444 
  189 \      378.00 \        5449 
  190 \      380.00 \        5413 
  191 \      382.00 \        5311 
  192 \      384.00 \        5257 
  193 \      386.00 \        5462 
  194 \      388.00 \        5323 
  195 \      390.00 \        5072 
  196 \      392.00 \        4989 
  197 \      394.00 \        4998 
  198 \      396.00 \        5451 
  199 \      398.00 \       15206 
  200 \      400.00 \       35111 
  201 \      402.00 \       12230 
  202 \      404.00 \        4960 
  203 \      406.00 \        4942 
  204 \      408.00 \        4626 
  205 \      410.00 \        4555 
  206 \      412.00 \        4482 
  207 \      414.00 \        4333 
  208 \      416.00 \        4360 
  209 \      418.00 \        4171 
  210 \      420.00 \        4243 
  211 \      422.00 \        4140 
  212 \      424.00 \        4342 
  213 \      426.00 \        4246 
  214 \      428.00 \        4126 
  215 \      430.00 \        4025 
  216 \      432.00 \        4118 
  217 \      434.00 \        4013 
  218 \      436.00 \        3871 
  219 \      438.00 \        4205 
  220 \      440.00 \        4071 
  221 \      442.00 \        3873 
  222 \      444.00 \        3836 
  223 \      446.00 \        4083 
  224 \      448.00 \        3926 
  225 \      450.00 \        3824 
  226 \      452.00 \        3907 
  227 \      454.00 \        3763 
  228 \      456.00 \        3791 
  229 \      458.00 \        3922 
  230 \      460.00 \        3581 
  231 \      462.00 \        3706 
  232 \      464.00 \        3629 
  233 \      466.00 \        3607 
  234 \      468.00 \        3584 
  235 \      470.00 \        3678 
  236 \      472.00 \        4642 
  237 \      474.00 \       14437 
  238 \      476.00 \       48016 
  239 \      478.00 \       28038 
  240 \      480.00 \        4517 
  241 \      482.00 \        3362 
  242 \      484.00 \        3133 
  243 \      486.00 \        2955 
  244 \      488.00 \        2857 
  245 \      490.00 \        2931 
  246 \      492.00 \        2973 
  247 \      494.00 \        2838 
  248 \      496.00 \        2904 
  249 \      498.00 \        2835 
  250 \      500.00 \        2912 
  251 \      502.00 \        2895 
  252 \      504.00 \        2823 
  253 \      506.00 \        2815 
  254 \      508.00 \        2788 
  255 \      510.00 \        2799 
  256 \      512.00 \        2831 
  257 \      514.00 \        2728 
  258 \      516.00 \        2769 
  259 \      518.00 \        2807 
  260 \      520.00 \        2848 
  261 \      522.00 \        2974 
  262 \      524.00 \        3305 
  263 \      526.00 \        3194 
  264 \      528.00 \        2989 
  265 \      530.00 \        2806 
  266 \      532.00 \        2807 
  267 \      534.00 \        2818 
  268 \      536.00 \        2844 
  269 \      538.00 \        2891 
  270 \      540.00 \        2829 
  271 \      542.00 \        2919 
  272 \      544.00 \        2973 
  273 \      546.00 \        2970 
  274 \      548.00 \        2970 
  275 \      550.00 \        2882 
  276 \      552.00 \        2808 
  277 \      554.00 \        2754 
  278 \      556.00 \        2848 
  279 \      558.00 \        2804 
  280 \      560.00 \        2749 
  281 \      562.00 \        2698 
  282 \      564.00 \        2681 
  283 \      566.00 \        2657 
  284 \      568.00 \        2720 
  285 \      570.00 \        2812 
  286 \      572.00 \        2722 
  287 \      574.00 \        2616 
  288 \      576.00 \        2652 
  289 \      578.00 \        2578 
  290 \      580.00 \        2507 
  291 \      582.00 \        2375 
  292 \      584.00 \        2217 
  293 \      586.00 \        2200 
  294 \      588.00 \        2252 
  295 \      590.00 \        2050 
  296 \      592.00 \        2037 
  297 \      594.00 \        2032 
  298 \      596.00 \        2031 
  299 \      598.00 \        2022 
  300 \      600.00 \        2043 
  301 \      602.00 \        1974 
  302 \      604.00 \        1995 
  303 \      606.00 \        1994 
  304 \      608.00 \        1964 
  305 \      610.00 \        1926 
  306 \      612.00 \        1961 
  307 \      614.00 \        2073 
  308 \      616.00 \        2050 
  309 \      618.00 \        1936 
  310 \      620.00 \        1858 
  311 \      622.00 \        1897 
  312 \      624.00 \        1872 
  313 \      626.00 \        1926 
  314 \      628.00 \        1797 
  315 \      630.00 \        1756 
  316 \      632.00 \        1635 
  317 \      634.00 \        1772 
  318 \      636.00 \        1777 
  319 \      638.00 \        1741 
  320 \      640.00 \        1722 
  321 \      642.00 \        1672 
  322 \      644.00 \        1703 
  323 \      646.00 \        1627 
  324 \      648.00 \        1647 
  325 \      650.00 \        1851 
  326 \      652.00 \        1604 
  327 \      654.00 \        1527 
  328 \      656.00 \        1645 
  329 \      658.00 \        1888 
  330 \      660.00 \        1833 
  331 \      662.00 \        1594 
  332 \      664.00 \        1416 
  333 \      666.00 \        1415 
  334 \      668.00 \        1473 
  335 \      670.00 \        1331 
  336 \      672.00 \        1404 
  337 \      674.00 \        1326 
  338 \      676.00 \        1419 
  339 \      678.00 \        1391 
  340 \      680.00 \        1377 
  341 \      682.00 \        1351 
  342 \      684.00 \        1390 
  343 \      686.00 \        1468 
  344 \      688.00 \        1806 
  345 \      690.00 \        2142 
  346 \      692.00 \        2040 
  347 \      694.00 \        1552 
  348 \      696.00 \        1304 
  349 \      698.00 \        1246 
  350 \      700.00 \        1291 
  351 \      702.00 \        1205 
  352 \      704.00 \        1279 
  353 \      706.00 \        1225 
  354 \      708.00 \        1263 
  355 \      710.00 \        1239 
  356 \      712.00 \        1215 
  357 \      714.00 \        1278 
  358 \      716.00 \        1198 
  359 \      718.00 \        1254 
  360 \      720.00 \        1392 
  361 \      722.00 \        1370 
  362 \      724.00 \        1285 
  363 \      726.00 \        1247 
  364 \      728.00 \        1221 
  365 \      730.00 \        1136 
  366 \      732.00 \        1192 
  367 \      734.00 \        1250 
  368 \      736.00 \        1223 
  369 \      738.00 \        1185 
  370 \      740.00 \        1193 
  371 \      742.00 \        1150 
  372 \      744.00 \        1206 
  373 \      746.00 \        1167 
  374 \      748.00 \        1190 
  375 \      750.00 \        1162 
  376 \      752.00 \        1152 
  377 \      754.00 \        1150 
  378 \      756.00 \        1090 
  379 \      758.00 \        1148 
  380 \      760.00 \        1095 
  381 \      762.00 \        1071 
  382 \      764.00 \        1103 
  383 \      766.00 \        1104 
  384 \      768.00 \        1148 
  385 \      770.00 \        1095 
  386 \      772.00 \        1090 
  387 \      774.00 \        1130 
  388 \      776.00 \        1093 
  389 \      778.00 \        1103 
  390 \      780.00 \        1038 
  391 \      782.00 \        1170 
  392 \      784.00 \        1274 
  393 \      786.00 \        1270 
  394 \      788.00 \        1047 
  395 \      790.00 \        1020 
  396 \      792.00 \         983 
  397 \      794.00 \        1004 
  398 \      796.00 \         987 
  399 \      798.00 \        1048 
  400 \      800.00 \        1006 
  401 \      802.00 \        1033 
  402 \      804.00 \        1057 
  403 \      806.00 \        1000 
  404 \      808.00 \         999 
  405 \      810.00 \         959 
  406 \      812.00 \        1034 
  407 \      814.00 \        1150 
  408 \      816.00 \        1508 
  409 \      818.00 \        2448 
  410 \      820.00 \        6774 
  411 \      822.00 \       19551 
  412 \      824.00 \       22753 
  413 \      826.00 \       12161 
  414 \      828.00 \        1776 
  415 \      830.00 \         965 
  416 \      832.00 \         868 
  417 \      834.00 \         823 
  418 \      836.00 \         771 
  419 \      838.00 \         741 
  420 \      840.00 \         757 
  421 \      842.00 \         752 
  422 \      844.00 \         763 
  423 \      846.00 \         767 
  424 \      848.00 \         787 
  425 \      850.00 \         751 
  426 \      852.00 \         697 
  427 \      854.00 \         762 
  428 \      856.00 \         753 
  429 \      858.00 \         793 
  430 \      860.00 \         666 
  431 \      862.00 \         699 
  432 \      864.00 \         772 
  433 \      866.00 \         723 
  434 \      868.00 \         724 
  435 \      870.00 \         723 
  436 \      872.00 \         765 
  437 \      874.00 \         697 
  438 \      876.00 \         738 
  439 \      878.00 \         722 
  440 \      880.00 \         747 
  441 \      882.00 \         723 
  442 \      884.00 \         711 
  443 \      886.00 \         681 
  444 \      888.00 \         658 
  445 \      890.00 \         745 
  446 \      892.00 \         754 
  447 \      894.00 \         764 
  448 \      896.00 \         951 
  449 \      898.00 \        1260 
  450 \      900.00 \        1253 
  451 \      902.00 \         977 
  452 \      904.00 \         632 
  453 \      906.00 \         688 
  454 \      908.00 \         689 
  455 \      910.00 \         697 
  456 \      912.00 \         650 
  457 \      914.00 \         686 
  458 \      916.00 \         677 
  459 \      918.00 \         629 
  460 \      920.00 \         712 
  461 \      922.00 \         655 
  462 \      924.00 \         767 
  463 \      926.00 \         673 
  464 \      928.00 \         691 
  465 \      930.00 \         617 
  466 \      932.00 \         656 
  467 \      934.00 \         619 
  468 \      936.00 \         665 
  469 \      938.00 \         679 
  470 \      940.00 \         689 
  471 \      942.00 \         672 
  472 \      944.00 \         684 
  473 \      946.00 \         716 
  474 \      948.00 \         777 
  475 \      950.00 \         879 
  476 \      952.00 \         772 
  477 \      954.00 \         714 
  478 \      956.00 \         714 
  479 \      958.00 \         687 
  480 \      960.00 \         668 
  481 \      962.00 \         686 
  482 \      964.00 \         681 
  483 \      966.00 \         649 
  484 \      968.00 \         676 
  485 \      970.00 \         763 
  486 \      972.00 \         803 
  487 \      974.00 \         761 
  488 \      976.00 \         685 
  489 \      978.00 \         651 
  490 \      980.00 \         667 
  491 \      982.00 \         682 
  492 \      984.00 \         653 
  493 \      986.00 \         655 
  494 \      988.00 \         657 
  495 \      990.00 \         604 
  496 \      992.00 \         617 
  497 \      994.00 \         627 
  498 \      996.00 \         659 
  499 \      998.00 \         604 
  500 \     1000.00 \         741 
  501 \     1002.00 \         845 
  502 \     1004.00 \         761 
  503 \     1006.00 \         704 
  504 \     1008.00 \         648 
  505 \     1010.00 \         649 
  506 \     1012.00 \         666 
  507 \     1014.00 \         604 
  508 \     1016.00 \         612 
  509 \     1018.00 \         685 
  510 \     1020.00 \         628 
  511 \     1022.00 \         617 
  512 \     1024.00 \         632 
  513 \     1026.00 \         623 
  514 \     1028.00 \         623 
  515 \     1030.00 \         668 
  516 \     1032.00 \         897 
  517 \     1034.00 \        1319 
  518 \     1036.00 \        2138 
  519 \     1038.00 \        2306 
  520 \     1040.00 \        1701 
  521 \     1042.00 \         823 
  522 \     1044.00 \         632 
  523 \     1046.00 \         592 
  524 \     1048.00 \         580 
  525 \     1050.00 \         601 
  526 \     1052.00 \         560 
  527 \     1054.00 \         578 
  528 \     1056.00 \         674 
  529 \     1058.00 \         721 
  530 \     1060.00 \         936 
  531 \     1062.00 \         921 
  532 \     1064.00 \         793 
  533 \     1066.00 \         618 
  534 \     1068.00 \         562 
  535 \     1070.00 \         549 
  536 \     1072.00 \         582 
  537 \     1074.00 \         558 
  538 \     1076.00 \         590 
  539 \     1078.00 \         609 
  540 \     1080.00 \         600 
  541 \     1082.00 \         623 
  542 \     1084.00 \         673 
  543 \     1086.00 \         841 
  544 \     1088.00 \         927 
  545 \     1090.00 \         938 
  546 \     1092.00 \         711 
  547 \     1094.00 \         619 
  548 \     1096.00 \         551 
  549 \     1098.00 \         578 
  550 \     1100.00 \         560 
  551 \     1102.00 \         561 
  552 \     1104.00 \         565 
  553 \     1106.00 \         580 
  554 \     1108.00 \         629 
  555 \     1110.00 \         603 
  556 \     1112.00 \         621 
  557 \     1114.00 \         624 
  558 \     1116.00 \         627 
  559 \     1118.00 \         594 
  560 \     1120.00 \         635 
  561 \     1122.00 \         659 
  562 \     1124.00 \         610 
  563 \     1126.00 \         601 
  564 \     1128.00 \         629 
  565 \     1130.00 \         683 
  566 \     1132.00 \         700 
  567 \     1134.00 \         706 
  568 \     1136.00 \         693 
  569 \     1138.00 \         576 
  570 \     1140.00 \         568 
  571 \     1142.00 \         559 
  572 \     1144.00 \         573 
  573 \     1146.00 \         560 
  574 \     1148.00 \         637 
  575 \     1150.00 \         586 
  576 \     1152.00 \         571 
  577 \     1154.00 \         566 
  578 \     1156.00 \         607 
  579 \     1158.00 \         581 
  580 \     1160.00 \         586 
  581 \     1162.00 \         605 
  582 \     1164.00 \         583 
  583 \     1166.00 \         565 
  584 \     1168.00 \         573 
  585 \     1170.00 \         599 
  586 \     1172.00 \         577 
  587 \     1174.00 \         573 
  588 \     1176.00 \         611 
  589 \     1178.00 \         636 
  590 \     1180.00 \         577 
  591 \     1182.00 \         577 
  592 \     1184.00 \         594 
  593 \     1186.00 \         664 
  594 \     1188.00 \         619 
  595 \     1190.00 \         580 
  596 \     1192.00 \         657 
  597 \     1194.00 \         627 
  598 \     1196.00 \         577 
  599 \     1198.00 \         660 
  600 \     1200.00 \         655 
  601 \     1202.00 \         604 
  602 \     1204.00 \         550 
  603 \     1206.00 \         641 
  604 \     1208.00 \         606 
  605 \     1210.00 \         632 
  606 \     1212.00 \         572 
  607 \     1214.00 \         594 
  608 \     1216.00 \         692 
  609 \     1218.00 \         611 
  610 \     1220.00 \         595 
  611 \     1222.00 \         661 
  612 \     1224.00 \         599 
  613 \     1226.00 \         659 
  614 \     1228.00 \         583 
  615 \     1230.00 \         582 
  616 \     1232.00 \         577 
  617 \     1234.00 \         573 
  618 \     1236.00 \         547 
  619 \     1238.00 \         520 
  620 \     1240.00 \         545 
  621 \     1242.00 \         530 
  622 \     1244.00 \         544 
  623 \     1246.00 \         533 
  624 \     1248.00 \         556 
  625 \     1250.00 \         541 
  626 \     1252.00 \         547 
  627 \     1254.00 \         599 
  628 \     1256.00 \         706 
  629 \     1258.00 \         997 
  630 \     1260.00 \        1157 
  631 \     1262.00 \        1226 
  632 \     1264.00 \         962 
  633 \     1266.00 \         551 
  634 \     1268.00 \         488 
  635 \     1270.00 \         495 
  636 \     1272.00 \         484 
  637 \     1274.00 \         487 
  638 \     1276.00 \         478 
  639 \     1278.00 \         499 
  640 \     1280.00 \         506 
  641 \     1282.00 \         428 
  642 \     1284.00 \         483 
  643 \     1286.00 \         502 
  644 \     1288.00 \         454 
  645 \     1290.00 \         487 
  646 \     1292.00 \         473 
  647 \     1294.00 \         435 
  648 \     1296.00 \         482 
  649 \     1298.00 \         498 
  650 \     1300.00 \         521 
  651 \     1302.00 \         546 
  652 \     1304.00 \         525 
  653 \     1306.00 \         471 
  654 \     1308.00 \         489 
  655 \     1310.00 \         501 
  656 \     1312.00 \         474 
  657 \     1314.00 \         447 
  658 \     1316.00 \         416 
  659 \     1318.00 \         428 
  660 \     1320.00 \         440 
  661 \     1322.00 \         447 
  662 \     1324.00 \         473 
  663 \     1326.00 \         440 
  664 \     1328.00 \         416 
  665 \     1330.00 \         456 
  666 \     1332.00 \         413 
  667 \     1334.00 \         411 
  668 \     1336.00 \         457 
  669 \     1338.00 \         436 
  670 \     1340.00 \         449 
  671 \     1342.00 \         439 
  672 \     1344.00 \         450 
  673 \     1346.00 \         442 
  674 \     1348.00 \         580 
  675 \     1350.00 \         577 
  676 \     1352.00 \         612 
  677 \     1354.00 \         525 
  678 \     1356.00 \         477 
  679 \     1358.00 \         447 
  680 \     1360.00 \         422 
  681 \     1362.00 \         391 
  682 \     1364.00 \         394 
  683 \     1366.00 \         395 
  684 \     1368.00 \         432 
  685 \     1370.00 \         382 
  686 \     1372.00 \         412 
  687 \     1374.00 \         437 
  688 \     1376.00 \         376 
  689 \     1378.00 \         453 
  690 \     1380.00 \         407 
  691 \     1382.00 \         406 
  692 \     1384.00 \         378 
  693 \     1386.00 \         384 
  694 \     1388.00 \         391 
  695 \     1390.00 \         403 
  696 \     1392.00 \         366 
  697 \     1394.00 \         385 
  698 \     1396.00 \         372 
  699 \     1398.00 \         379 
  700 \     1400.00 \         375 
  701 \     1402.00 \         343 
  702 \     1404.00 \         352 
  703 \     1406.00 \         381 
  704 \     1408.00 \         327 
  705 \     1410.00 \         358 
  706 \     1412.00 \         388 
  707 \     1414.00 \         398 
  708 \     1416.00 \         389 
  709 \     1418.00 \         425 
  710 \     1420.00 \         444 
  711 \     1422.00 \         433 
  712 \     1424.00 \         370 
  713 \     1426.00 \         365 
  714 \     1428.00 \         349 
  715 \     1430.00 \         333 
  716 \     1432.00 \         344 
  717 \     1434.00 \         362 
  718 \     1436.00 \         339 
  719 \     1438.00 \         343 
  720 \     1440.00 \         402 
  721 \     1442.00 \         388 
  722 \     1444.00 \         384 
  723 \     1446.00 \         400 
  724 \     1448.00 \         354 
  725 \     1450.00 \         361 
  726 \     1452.00 \         333 
  727 \     1454.00 \         348 
  728 \     1456.00 \         319 
  729 \     1458.00 \         337 
  730 \     1460.00 \         329 
  731 \     1462.00 \         329 
  732 \     1464.00 \         353 
  733 \     1466.00 \         346 
  734 \     1468.00 \         321 
  735 \     1470.00 \         346 
  736 \     1472.00 \         315 
  737 \     1474.00 \         327 
  738 \     1476.00 \         351 
  739 \     1478.00 \         353 
  740 \     1480.00 \         349 
  741 \     1482.00 \         313 
  742 \     1484.00 \         359 
  743 \     1486.00 \         349 
  744 \     1488.00 \         330 
  745 \     1490.00 \         350 
  746 \     1492.00 \         397 
  747 \     1494.00 \         366 
  748 \     1496.00 \         373 
  749 \     1498.00 \         391 
  750 \     1500.00 \         401 
  751 \     1502.00 \         464 
  752 \     1504.00 \         571 
  753 \     1506.00 \         912 
  754 \     1508.00 \        1747 
  755 \     1510.00 \        2612 
  756 \     1512.00 \        2868 
  757 \     1514.00 \        2686 
  758 \     1516.00 \        1938 
  759 \     1518.00 \         637 
  760 \     1520.00 \         325 
  761 \     1522.00 \         343 
  762 \     1524.00 \         341 
  763 \     1526.00 \         330 
  764 \     1528.00 \         354 
  765 \     1530.00 \         363 
  766 \     1532.00 \         368 
  767 \     1534.00 \         326 
  768 \     1536.00 \         332 
  769 \     1538.00 \         333 
  770 \     1540.00 \         347 
  771 \     1542.00 \         341 
  772 \     1544.00 \         321 
  773 \     1546.00 \         330 
  774 \     1548.00 \         320 
  775 \     1550.00 \         318 
  776 \     1552.00 \         363 
  777 \     1554.00 \         459 
  778 \     1556.00 \         488 
  779 \     1558.00 \         580 
  780 \     1560.00 \         613 
  781 \     1562.00 \         576 
  782 \     1564.00 \         418 
  783 \     1566.00 \         298 
  784 \     1568.00 \         284 
  785 \     1570.00 \         326 
  786 \     1572.00 \         303 
  787 \     1574.00 \         299 
  788 \     1576.00 \         295 
  789 \     1578.00 \         316 
  790 \     1580.00 \         315 
  791 \     1582.00 \         327 
  792 \     1584.00 \         311 
  793 \     1586.00 \         307 
  794 \     1588.00 \         295 
  795 \     1590.00 \         331 
  796 \     1592.00 \         330 
  797 \     1594.00 \         377 
  798 \     1596.00 \         326 
  799 \     1598.00 \         343 
  800 \     1600.00 \         315 
  801 \     1602.00 \         301 
  802 \     1604.00 \         273 
  803 \     1606.00 \         285 
  804 \     1608.00 \         283 
  805 \     1610.00 \         266 
  806 \     1612.00 \         257 
  807 \     1614.00 \         259 
  808 \     1616.00 \         241 
  809 \     1618.00 \         265 
  810 \     1620.00 \         239 
  811 \     1622.00 \         304 
  812 \     1624.00 \         272 
  813 \     1626.00 \         325 
  814 \     1628.00 \         334 
  815 \     1630.00 \         308 
  816 \     1632.00 \         360 
  817 \     1634.00 \         307 
  818 \     1636.00 \         293 
  819 \     1638.00 \         235 
  820 \     1640.00 \         262 
  821 \     1642.00 \         278 
  822 \     1644.00 \         230 
  823 \     1646.00 \         267 
  824 \     1648.00 \         269 
  825 \     1650.00 \         248 
  826 \     1652.00 \         270 
  827 \     1654.00 \         267 
  828 \     1656.00 \         287 
  829 \     1658.00 \         258 
  830 \     1660.00 \         337 
  831 \     1662.00 \         337 
  832 \     1664.00 \         407 
  833 \     1666.00 \         661 
  834 \     1668.00 \         924 
  835 \     1670.00 \        1068 
  836 \     1672.00 \        1111 
  837 \     1674.00 \         996 
  838 \     1676.00 \         630 
  839 \     1678.00 \         275 
  840 \     1680.00 \         268 
  841 \     1682.00 \         238 
  842 \     1684.00 \         229 
  843 \     1686.00 \         282 
  844 \     1688.00 \         257 
  845 \     1690.00 \         268 
  846 \     1692.00 \         286 
  847 \     1694.00 \         276 
  848 \     1696.00 \         243 
  849 \     1698.00 \         241 
  850 \     1700.00 \         231 
  851 \     1702.00 \         228 
  852 \     1704.00 \         247 
  853 \     1706.00 \         242 
  854 \     1708.00 \         226 
  855 \     1710.00 \         221 
  856 \     1712.00 \         255 
  857 \     1714.00 \         263 
  858 \     1716.00 \         255 
  859 \     1718.00 \         251 
  860 \     1720.00 \         255 
  861 \     1722.00 \         259 
  862 \     1724.00 \         307 
  863 \     1726.00 \         394 
  864 \     1728.00 \         433 
  865 \     1730.00 \         422 
  866 \     1732.00 \         387 
  867 \     1734.00 \         338 
  868 \     1736.00 \         221 
  869 \     1738.00 \         257 
  870 \     1740.00 \         229 
  871 \     1742.00 \         225 
  872 \     1744.00 \         225 
  873 \     1746.00 \         224 
  874 \     1748.00 \         253 
  875 \     1750.00 \         232 
  876 \     1752.00 \         221 
  877 \     1754.00 \         253 
  878 \     1756.00 \         220 
  879 \     1758.00 \         221 
  880 \     1760.00 \         234 
  881 \     1762.00 \         211 
  882 \     1764.00 \         213 
  883 \     1766.00 \         241 
  884 \     1768.00 \         207 
  885 \     1770.00 \         212 
  886 \     1772.00 \         207 
  887 \     1774.00 \         224 
  888 \     1776.00 \         227 
  889 \     1778.00 \         217 
  890 \     1780.00 \         239 
  891 \     1782.00 \         235 
  892 \     1784.00 \         205 
  893 \     1786.00 \         201 
  894 \     1788.00 \         222 
  895 \     1790.00 \         214 
  896 \     1792.00 \         210 
  897 \     1794.00 \         244 
  898 \     1796.00 \         212 
  899 \     1798.00 \         248 
  900 \     1800.00 \         228 
  901 \     1802.00 \         219 
  902 \     1804.00 \         241 
  903 \     1806.00 \         210 
  904 \     1808.00 \         182 
  905 \     1810.00 \         231 
  906 \     1812.00 \         223 
  907 \     1814.00 \         202 
  908 \     1816.00 \         205 
  909 \     1818.00 \         203 
  910 \     1820.00 \         209 
  911 \     1822.00 \         197 
  912 \     1824.00 \         212 
  913 \     1826.00 \         215 
  914 \     1828.00 \         206 
  915 \     1830.00 \         191 
  916 \     1832.00 \         225 
  917 \     1834.00 \         206 
  918 \     1836.00 \         205 
  919 \     1838.00 \         202 
  920 \     1840.00 \         220 
  921 \     1842.00 \         235 
  922 \     1844.00 \         222 
  923 \     1846.00 \         201 
  924 \     1848.00 \         241 
  925 \     1850.00 \         277 
  926 \     1852.00 \         316 
  927 \     1854.00 \         475 
  928 \     1856.00 \         562 
  929 \     1858.00 \         644 
  930 \     1860.00 \         705 
  931 \     1862.00 \         607 
  932 \     1864.00 \         567 
  933 \     1866.00 \         342 
  934 \     1868.00 \         303 
  935 \     1870.00 \         321 
  936 \     1872.00 \         297 
  937 \     1874.00 \         274 
  938 \     1876.00 \         246 
  939 \     1878.00 \         196 
  940 \     1880.00 \         198 
  941 \     1882.00 \         210 
  942 \     1884.00 \         228 
  943 \     1886.00 \         272 
  944 \     1888.00 \         332 
  945 \     1890.00 \         354 
  946 \     1892.00 \         384 
  947 \     1894.00 \         503 
  948 \     1896.00 \         507 
  949 \     1898.00 \         473 
  950 \     1900.00 \         486 
  951 \     1902.00 \         437 
  952 \     1904.00 \         468 
  953 \     1906.00 \         290 
  954 \     1908.00 \         200 
  955 \     1910.00 \         230 
  956 \     1912.00 \         205 
  957 \     1914.00 \         211 
  958 \     1916.00 \         212 
  959 \     1918.00 \         234 
  960 \     1920.00 \         239 
  961 \     1922.00 \         225 
  962 \     1924.00 \         232 
  963 \     1926.00 \         231 
  964 \     1928.00 \         235 
  965 \     1930.00 \         203 
  966 \     1932.00 \         236 
  967 \     1934.00 \         216 
  968 \     1936.00 \         205 
  969 \     1938.00 \         197 
  970 \     1940.00 \         216 
  971 \     1942.00 \         257 
  972 \     1944.00 \         188 
  973 \     1946.00 \         219 
  974 \     1948.00 \         203 
  975 \     1950.00 \         215 
  976 \     1952.00 \         230 
  977 \     1954.00 \         203 
  978 \     1956.00 \         217 
  979 \     1958.00 \         221 
  980 \     1960.00 \         246 
  981 \     1962.00 \         248 
  982 \     1964.00 \         232 
  983 \     1966.00 \         280 
  984 \     1968.00 \         279 
  985 \     1970.00 \         281 
  986 \     1972.00 \         328 
  987 \     1974.00 \         297 
  988 \     1976.00 \         271 
  989 \     1978.00 \         223 
  990 \     1980.00 \         225 
  991 \     1982.00 \         215 
  992 \     1984.00 \         225 
  993 \     1986.00 \         247 
  994 \     1988.00 \         223 
  995 \     1990.00 \         241 
  996 \     1992.00 \         247 
  997 \     1994.00 \         219 
  998 \     1996.00 \         259 
  999 \     1998.00 \         250 
 1000 \     2000.00 \         253 
 1001 \     2002.00 \         225 
 1002 \     2004.00 \         248 
 1003 \     2006.00 \         250 
 1004 \     2008.00 \         208 
 1005 \     2010.00 \         233 
 1006 \     2012.00 \         240 
 1007 \     2014.00 \         226 
 1008 \     2016.00 \         244 
 1009 \     2018.00 \         254 
 1010 \     2020.00 \         245 
 1011 \     2022.00 \         282 
 1012 \     2024.00 \         299 
 1013 \     2026.00 \         248 
 1014 \     2028.00 \         291 
 1015 \     2030.00 \         346 
 1016 \     2032.00 \         393 
 1017 \     2034.00 \         438 
 1018 \     2036.00 \         503 
 1019 \     2038.00 \         464 
 1020 \     2040.00 \         429 
 1021 \     2042.00 \         359 
 1022 \     2044.00 \           8 
 1023 \     2046.00 \           0 
 1024 \     2048.00 \           0 
