         *****         Proben-ID:                          *****

                 Live time:       603
                 Real Time:       604
  2908.99438
    12.29050
     0.00000
     0.00000
     0.00000
     0.00000
    1 \     2921.28 \           0 
    2 \     2933.58 \           0 
    3 \     2945.87 \           0 
    4 \     2958.16 \           0 
    5 \     2970.45 \           0 
    6 \     2982.74 \           0 
    7 \     2995.03 \           0 
    8 \     3007.32 \           0 
    9 \     3019.61 \           0 
   10 \     3031.90 \           0 
   11 \     3044.19 \           0 
   12 \     3056.48 \           0 
   13 \     3068.77 \           0 
   14 \     3081.06 \           0 
   15 \     3093.35 \           0 
   16 \     3105.64 \           0 
   17 \     3117.93 \           0 
   18 \     3130.22 \           0 
   19 \     3142.51 \           0 
   20 \     3154.80 \           0 
   21 \     3167.09 \           0 
   22 \     3179.39 \           0 
   23 \     3191.68 \           0 
   24 \     3203.97 \           0 
   25 \     3216.26 \           0 
   26 \     3228.55 \           0 
   27 \     3240.84 \          11 
   28 \     3253.13 \           6 
   29 \     3265.42 \           5 
   30 \     3277.71 \           4 
   31 \     3290.00 \           9 
   32 \     3302.29 \           4 
   33 \     3314.58 \           8 
   34 \     3326.87 \           5 
   35 \     3339.16 \           7 
   36 \     3351.45 \           9 
   37 \     3363.74 \           3 
   38 \     3376.03 \           8 
   39 \     3388.32 \          12 
   40 \     3400.61 \           9 
   41 \     3412.90 \          12 
   42 \     3425.20 \          16 
   43 \     3437.49 \          15 
   44 \     3449.78 \           4 
   45 \     3462.07 \          21 
   46 \     3474.36 \          14 
   47 \     3486.65 \          14 
   48 \     3498.94 \          24 
   49 \     3511.23 \          22 
   50 \     3523.52 \          23 
   51 \     3535.81 \          30 
   52 \     3548.10 \          30 
   53 \     3560.39 \          23 
   54 \     3572.68 \          40 
   55 \     3584.97 \          34 
   56 \     3597.26 \          26 
   57 \     3609.55 \          44 
   58 \     3621.84 \          50 
   59 \     3634.13 \          46 
   60 \     3646.42 \          50 
   61 \     3658.72 \          66 
   62 \     3671.01 \          71 
   63 \     3683.30 \          76 
   64 \     3695.59 \          61 
   65 \     3707.88 \          95 
   66 \     3720.17 \          83 
   67 \     3732.46 \         105 
   68 \     3744.75 \          94 
   69 \     3757.04 \          97 
   70 \     3769.33 \         114 
   71 \     3781.62 \         113 
   72 \     3793.91 \         102 
   73 \     3806.20 \          95 
   74 \     3818.49 \         112 
   75 \     3830.78 \         111 
   76 \     3843.07 \         112 
   77 \     3855.36 \          98 
   78 \     3867.65 \          86 
   79 \     3879.94 \         111 
   80 \     3892.23 \         104 
   81 \     3904.53 \          85 
   82 \     3916.82 \         107 
   83 \     3929.11 \          73 
   84 \     3941.40 \         100 
   85 \     3953.69 \         114 
   86 \     3965.98 \          87 
   87 \     3978.27 \          91 
   88 \     3990.56 \          88 
   89 \     4002.85 \         109 
   90 \     4015.14 \         112 
   91 \     4027.43 \         135 
   92 \     4039.72 \         131 
   93 \     4052.01 \         136 
   94 \     4064.30 \         141 
   95 \     4076.59 \         168 
   96 \     4088.88 \         162 
   97 \     4101.17 \         187 
   98 \     4113.46 \         194 
   99 \     4125.75 \         184 
  100 \     4138.04 \         189 
  101 \     4150.34 \         190 
  102 \     4162.63 \         169 
  103 \     4174.92 \         187 
  104 \     4187.21 \         198 
  105 \     4199.50 \         167 
  106 \     4211.79 \         175 
  107 \     4224.08 \         177 
  108 \     4236.37 \         163 
  109 \     4248.66 \         137 
  110 \     4260.95 \         118 
  111 \     4273.24 \         139 
  112 \     4285.53 \         101 
  113 \     4297.82 \          89 
  114 \     4310.11 \         114 
  115 \     4322.40 \          84 
  116 \     4334.69 \          89 
  117 \     4346.98 \          85 
  118 \     4359.27 \          82 
  119 \     4371.56 \          91 
  120 \     4383.85 \          98 
  121 \     4396.15 \         110 
  122 \     4408.44 \         108 
  123 \     4420.73 \         130 
  124 \     4433.02 \         107 
  125 \     4445.31 \         135 
  126 \     4457.60 \         148 
  127 \     4469.89 \         141 
  128 \     4482.18 \         141 
  129 \     4494.47 \         144 
  130 \     4506.76 \         121 
  131 \     4519.05 \         115 
  132 \     4531.34 \          99 
  133 \     4543.63 \         103 
  134 \     4555.92 \          77 
  135 \     4568.21 \          69 
  136 \     4580.50 \          59 
  137 \     4592.79 \          44 
  138 \     4605.08 \          34 
  139 \     4617.37 \          26 
  140 \     4629.66 \          19 
  141 \     4641.96 \          19 
  142 \     4654.25 \           6 
  143 \     4666.54 \          12 
  144 \     4678.83 \           5 
  145 \     4691.12 \           7 
  146 \     4703.41 \           9 
  147 \     4715.70 \           5 
  148 \     4727.99 \          10 
  149 \     4740.28 \           4 
  150 \     4752.57 \           3 
  151 \     4764.86 \           2 
  152 \     4777.15 \           2 
  153 \     4789.44 \           4 
  154 \     4801.73 \           4 
  155 \     4814.02 \           1 
  156 \     4826.31 \           4 
  157 \     4838.60 \           5 
  158 \     4850.89 \           3 
  159 \     4863.18 \           5 
  160 \     4875.47 \           7 
  161 \     4887.77 \           6 
  162 \     4900.06 \           5 
  163 \     4912.35 \           3 
  164 \     4924.64 \           4 
  165 \     4936.93 \           7 
  166 \     4949.22 \          11 
  167 \     4961.51 \           4 
  168 \     4973.80 \           4 
  169 \     4986.09 \           5 
  170 \     4998.38 \           5 
  171 \     5010.67 \           5 
  172 \     5022.96 \           5 
  173 \     5035.25 \           3 
  174 \     5047.54 \           5 
  175 \     5059.83 \          10 
  176 \     5072.12 \          18 
  177 \     5084.41 \          20 
  178 \     5096.70 \          13 
  179 \     5108.99 \          11 
  180 \     5121.28 \          26 
  181 \     5133.58 \          25 
  182 \     5145.87 \          43 
  183 \     5158.16 \          41 
  184 \     5170.45 \          58 
  185 \     5182.74 \          80 
  186 \     5195.03 \          99 
  187 \     5207.32 \          90 
  188 \     5219.61 \         120 
  189 \     5231.90 \         124 
  190 \     5244.19 \         147 
  191 \     5256.48 \         144 
  192 \     5268.77 \         143 
  193 \     5281.06 \         162 
  194 \     5293.35 \         156 
  195 \     5305.64 \         154 
  196 \     5317.93 \         140 
  197 \     5330.22 \         114 
  198 \     5342.51 \          93 
  199 \     5354.80 \          72 
  200 \     5367.09 \          66 
  201 \     5379.39 \          54 
  202 \     5391.68 \          30 
  203 \     5403.97 \          26 
  204 \     5416.26 \          19 
  205 \     5428.55 \          13 
  206 \     5440.84 \           6 
  207 \     5453.13 \           5 
  208 \     5465.42 \           5 
  209 \     5477.71 \           3 
  210 \     5490.00 \           1 
  211 \     5502.29 \           1 
  212 \     5514.58 \           5 
  213 \     5526.87 \           5 
  214 \     5539.16 \           2 
  215 \     5551.45 \           5 
  216 \     5563.74 \           2 
  217 \     5576.03 \           1 
  218 \     5588.32 \           1 
  219 \     5600.61 \           0 
  220 \     5612.90 \           1 
  221 \     5625.20 \           1 
  222 \     5637.49 \           4 
  223 \     5649.78 \           1 
  224 \     5662.07 \           1 
  225 \     5674.36 \           1 
  226 \     5686.65 \           0 
  227 \     5698.94 \           1 
  228 \     5711.23 \           0 
  229 \     5723.52 \           0 
  230 \     5735.81 \           0 
  231 \     5748.10 \           0 
  232 \     5760.39 \           0 
  233 \     5772.68 \           0 
  234 \     5784.97 \           0 
  235 \     5797.26 \           0 
  236 \     5809.55 \           0 
  237 \     5821.84 \           0 
  238 \     5834.13 \           0 
  239 \     5846.42 \           0 
  240 \     5858.71 \           0 
  241 \     5871.01 \           0 
  242 \     5883.30 \           0 
  243 \     5895.59 \           0 
  244 \     5907.88 \           0 
  245 \     5920.17 \           0 
  246 \     5932.46 \           0 
  247 \     5944.75 \           0 
  248 \     5957.04 \           0 
  249 \     5969.33 \           0 
  250 \     5981.62 \           0 
  251 \     5993.91 \           0 
  252 \     6006.20 \           0 
  253 \     6018.49 \           0 
  254 \     6030.78 \           0 
  255 \     6043.07 \           0 
  256 \     6055.36 \           0 
  257 \     6067.65 \           0 
  258 \     6079.94 \           0 
  259 \     6092.23 \           0 
  260 \     6104.53 \           0 
  261 \     6116.82 \           0 
  262 \     6129.11 \           0 
  263 \     6141.40 \           0 
  264 \     6153.69 \           0 
  265 \     6165.98 \           0 
  266 \     6178.27 \           0 
  267 \     6190.56 \           0 
  268 \     6202.85 \           0 
  269 \     6215.14 \           0 
  270 \     6227.43 \           0 
  271 \     6239.72 \           0 
  272 \     6252.01 \           0 
  273 \     6264.30 \           0 
  274 \     6276.59 \           0 
  275 \     6288.88 \           0 
  276 \     6301.17 \           0 
  277 \     6313.46 \           0 
  278 \     6325.75 \           0 
  279 \     6338.04 \           0 
  280 \     6350.34 \           0 
  281 \     6362.63 \           0 
  282 \     6374.92 \           0 
  283 \     6387.21 \           0 
  284 \     6399.50 \           0 
  285 \     6411.79 \           0 
  286 \     6424.08 \           0 
  287 \     6436.37 \           0 
  288 \     6448.66 \           0 
  289 \     6460.95 \           0 
  290 \     6473.24 \           0 
  291 \     6485.53 \           0 
  292 \     6497.82 \           0 
  293 \     6510.11 \           0 
  294 \     6522.40 \           0 
  295 \     6534.69 \           0 
  296 \     6546.98 \           0 
  297 \     6559.27 \           0 
  298 \     6571.56 \           0 
  299 \     6583.85 \           0 
  300 \     6596.15 \           0 
  301 \     6608.44 \           0 
  302 \     6620.73 \           0 
  303 \     6633.02 \           0 
  304 \     6645.31 \           0 
  305 \     6657.60 \           0 
  306 \     6669.89 \           0 
  307 \     6682.18 \           0 
  308 \     6694.47 \           0 
  309 \     6706.76 \           0 
  310 \     6719.05 \           0 
  311 \     6731.34 \           0 
  312 \     6743.63 \           0 
  313 \     6755.92 \           0 
  314 \     6768.21 \           0 
  315 \     6780.50 \           0 
  316 \     6792.79 \           0 
  317 \     6805.08 \           0 
  318 \     6817.37 \           0 
  319 \     6829.66 \           0 
  320 \     6841.96 \           0 
  321 \     6854.25 \           0 
  322 \     6866.54 \           0 
  323 \     6878.83 \           0 
  324 \     6891.12 \           0 
  325 \     6903.41 \           0 
  326 \     6915.70 \           0 
  327 \     6927.99 \           0 
  328 \     6940.28 \           0 
  329 \     6952.57 \           0 
  330 \     6964.86 \           0 
  331 \     6977.15 \           0 
  332 \     6989.44 \           0 
  333 \     7001.73 \           0 
  334 \     7014.02 \           0 
  335 \     7026.31 \           0 
  336 \     7038.60 \           0 
  337 \     7050.89 \           0 
  338 \     7063.18 \           0 
  339 \     7075.47 \           0 
  340 \     7087.77 \           0 
  341 \     7100.06 \           0 
  342 \     7112.35 \           0 
  343 \     7124.64 \           0 
  344 \     7136.93 \           0 
  345 \     7149.22 \           0 
  346 \     7161.51 \           1 
  347 \     7173.80 \           0 
  348 \     7186.09 \           0 
  349 \     7198.38 \           0 
  350 \     7210.67 \           0 
  351 \     7222.96 \           0 
  352 \     7235.25 \           0 
  353 \     7247.54 \           0 
  354 \     7259.83 \           0 
  355 \     7272.12 \           0 
  356 \     7284.41 \           0 
  357 \     7296.70 \           0 
  358 \     7308.99 \           0 
  359 \     7321.28 \           0 
  360 \     7333.58 \           0 
  361 \     7345.87 \           0 
  362 \     7358.16 \           0 
  363 \     7370.45 \           0 
  364 \     7382.74 \           0 
  365 \     7395.03 \           0 
  366 \     7407.32 \           0 
  367 \     7419.61 \           0 
  368 \     7431.90 \           0 
  369 \     7444.19 \           0 
  370 \     7456.48 \           0 
  371 \     7468.77 \           0 
  372 \     7481.06 \           0 
  373 \     7493.35 \           0 
  374 \     7505.64 \           0 
  375 \     7517.93 \           0 
  376 \     7530.22 \           0 
  377 \     7542.51 \           0 
  378 \     7554.80 \           0 
  379 \     7567.09 \           0 
  380 \     7579.39 \           0 
  381 \     7591.68 \           0 
  382 \     7603.97 \           0 
  383 \     7616.26 \           0 
  384 \     7628.55 \           0 
  385 \     7640.84 \           0 
  386 \     7653.13 \           0 
  387 \     7665.42 \           0 
  388 \     7677.71 \           0 
  389 \     7690.00 \           0 
  390 \     7702.29 \           0 
  391 \     7714.58 \           0 
  392 \     7726.87 \           0 
  393 \     7739.16 \           0 
  394 \     7751.45 \           0 
  395 \     7763.74 \           0 
  396 \     7776.03 \           0 
  397 \     7788.32 \           0 
  398 \     7800.61 \           0 
  399 \     7812.90 \           0 
  400 \     7825.20 \           0 
  401 \     7837.49 \           0 
  402 \     7849.78 \           0 
  403 \     7862.07 \           0 
  404 \     7874.36 \           0 
  405 \     7886.65 \           0 
  406 \     7898.94 \           0 
  407 \     7911.23 \           0 
  408 \     7923.52 \           0 
  409 \     7935.81 \           0 
  410 \     7948.10 \           0 
  411 \     7960.39 \           0 
  412 \     7972.68 \           0 
  413 \     7984.97 \           0 
  414 \     7997.26 \           0 
  415 \     8009.55 \           0 
  416 \     8021.84 \           0 
  417 \     8034.13 \           0 
  418 \     8046.42 \           0 
  419 \     8058.71 \           0 
  420 \     8071.01 \           0 
  421 \     8083.30 \           0 
  422 \     8095.59 \           0 
  423 \     8107.88 \           0 
  424 \     8120.17 \           0 
  425 \     8132.46 \           0 
  426 \     8144.75 \           0 
  427 \     8157.04 \           0 
  428 \     8169.33 \           0 
  429 \     8181.62 \           0 
  430 \     8193.91 \           0 
  431 \     8206.20 \           0 
  432 \     8218.49 \           0 
  433 \     8230.78 \           0 
  434 \     8243.07 \           0 
  435 \     8255.36 \           0 
  436 \     8267.65 \           0 
  437 \     8279.94 \           0 
  438 \     8292.23 \           0 
  439 \     8304.53 \           0 
  440 \     8316.82 \           0 
  441 \     8329.11 \           0 
  442 \     8341.40 \           0 
  443 \     8353.69 \           0 
  444 \     8365.98 \           0 
  445 \     8378.27 \           0 
  446 \     8390.56 \           0 
  447 \     8402.85 \           0 
  448 \     8415.14 \           0 
  449 \     8427.43 \           0 
  450 \     8439.72 \           0 
  451 \     8452.01 \           0 
  452 \     8464.30 \           0 
  453 \     8476.59 \           0 
  454 \     8488.88 \           0 
  455 \     8501.17 \           0 
  456 \     8513.46 \           0 
  457 \     8525.75 \           0 
  458 \     8538.04 \           0 
  459 \     8550.34 \           0 
  460 \     8562.63 \           0 
  461 \     8574.92 \           0 
  462 \     8587.21 \           0 
  463 \     8599.50 \           0 
  464 \     8611.79 \           0 
  465 \     8624.08 \           0 
  466 \     8636.37 \           0 
  467 \     8648.66 \           0 
  468 \     8660.95 \           0 
  469 \     8673.24 \           0 
  470 \     8685.53 \           0 
  471 \     8697.82 \           0 
  472 \     8710.11 \           0 
  473 \     8722.40 \           0 
  474 \     8734.69 \           0 
  475 \     8746.98 \           0 
  476 \     8759.27 \           0 
  477 \     8771.56 \           0 
  478 \     8783.85 \           0 
  479 \     8796.15 \           0 
  480 \     8808.44 \           0 
  481 \     8820.73 \           0 
  482 \     8833.02 \           0 
  483 \     8845.31 \           0 
  484 \     8857.60 \           0 
  485 \     8869.89 \           0 
  486 \     8882.18 \           0 
  487 \     8894.47 \           0 
  488 \     8906.76 \           0 
  489 \     8919.05 \           0 
  490 \     8931.34 \           0 
  491 \     8943.63 \           0 
  492 \     8955.92 \           0 
  493 \     8968.21 \           0 
  494 \     8980.50 \           0 
  495 \     8992.79 \           0 
  496 \     9005.08 \           0 
  497 \     9017.37 \           0 
  498 \     9029.66 \           0 
  499 \     9041.96 \           0 
  500 \     9054.25 \           0 
  501 \     9066.54 \           0 
  502 \     9078.83 \           0 
  503 \     9091.12 \           0 
  504 \     9103.41 \           0 
  505 \     9115.70 \           0 
  506 \     9127.99 \           0 
  507 \     9140.28 \           0 
  508 \     9152.57 \           0 
  509 \     9164.86 \           0 
  510 \     9177.15 \           0 
  511 \     9189.44 \           0 
  512 \     9201.73 \           0 
